Sequence  		tRNA   	Bounds 	tRNA	Anti	Intron Bounds	Cove
Name      	tRNA #	Begin  	End    	Type	Codon	Begin	End	Score
--------  	------	----   	------ 	----	-----	-----	----	------
NC_003197 	1	290790 	290866 	Ile	GAT	0	0	88.37
NC_003197 	2	290976 	291051 	Ala	TGC	0	0	88.77
NC_003197 	3	294828 	294904 	Asp	GTC	0	0	92.84
NC_003197 	4	304267 	304343 	Asp	GTC	0	0	92.84
NC_003197 	5	368796 	368871 	Thr	CGT	0	0	91.49
NC_003197 	6	613558 	613634 	Arg	TCT	0	0	99.49
NC_003197 	7	617984 	618056 	Pseudo	TCT	0	0	20.46
NC_003197 	8	818778 	818853 	Lys	TTT	0	0	99.54
NC_003197 	9	818985 	819060 	Val	TAC	0	0	94.34
NC_003197 	10	819064 	819139 	Lys	TTT	0	0	99.54
NC_003197 	11	819189 	819264 	Lys	TTT	0	0	99.54
NC_003197 	12	819399 	819474 	Lys	TTT	0	0	99.54
NC_003197 	13	1175322	1175409	Ser	TGA	0	0	76.89
NC_003197 	14	1333214	1333290	Arg	CCT	0	0	67.01
NC_003197 	15	1345652	1345728	Arg	TCT	0	0	73.98
NC_003197 	16	1852569	1852653	Tyr	GTA	0	0	66.93
NC_003197 	17	1852858	1852942	Tyr	GTA	0	0	66.93
NC_003197 	18	2083249	2083324	Asn	GTT	0	0	87.13
NC_003197 	19	2084219	2084294	Asn	GTT	0	0	87.13
NC_003197 	20	2095994	2096069	Asn	GTT	0	0	87.13
NC_003197 	21	2330754	2330830	Pro	GGG	0	0	77.97
NC_003197 	22	2505824	2505898	Arg	CCT	0	0	73.20
NC_003197 	23	2531837	2531912	Val	TAC	0	0	94.34
NC_003197 	24	2531958	2532033	Val	TAC	0	0	94.34
NC_003197 	25	2532075	2532150	Val	TAC	0	0	94.34
NC_003197 	26	2532155	2532230	Lys	TTT	0	0	99.54
NC_003197 	27	3141064	3141140	Met	CAT	0	0	86.07
NC_003197 	28	3141170	3141246	Met	CAT	0	0	86.07
NC_003197 	29	3276146	3276221	Phe	GAA	0	0	84.11
NC_003197 	30	3379004	3379079	Met	CAT	0	0	93.86
NC_003197 	31	3948576	3948666	SeC(p)	TCA	0	0	75.19
NC_003197 	32	4101759	4101834	Glu	TTC	0	0	59.80
NC_003197 	33	4105283	4105359	Asp	GTC	0	0	92.84
NC_003197 	34	4105368	4105443	Trp	CCA	0	0	82.06
NC_003197 	35	4140908	4140984	Arg	CCG	0	0	87.48
NC_003197 	36	4141039	4141114	His	GTG	0	0	84.86
NC_003197 	37	4141135	4141221	Leu	CAG	0	0	69.07
NC_003197 	38	4141264	4141340	Pro	TGG	0	0	92.73
NC_003197 	39	4197670	4197746	Ile	GAT	0	0	88.37
NC_003197 	40	4197858	4197933	Ala	TGC	0	0	88.77
NC_003197 	41	4352741	4352817	Ile	GAT	0	0	88.37
NC_003197 	42	4352929	4353004	Ala	TGC	0	0	88.77
NC_003197 	43	4360046	4360121	Thr	TGT	0	0	91.83
NC_003197 	44	4360130	4360214	Tyr	GTA	0	0	67.63
NC_003197 	45	4360331	4360405	Gly	TCC	0	0	64.85
NC_003197 	46	4360412	4360487	Thr	GGT	0	0	94.75
NC_003197 	47	4396303	4396378	Glu	TTC	0	0	59.80
NC_003197 	48	4596420	4596495	Gly	GCC	0	0	93.74
NC_003197 	49	4596652	4596727	Gly	GCC	0	0	93.74
NC_003197 	50	4596884	4596959	Gly	GCC	0	0	93.74
NC_003197 	51	4731011	4731095	Leu	CAA	0	0	79.12
NC_003197 	52	4810947	4810861	Leu	CAG	0	0	69.07
NC_003197 	53	4810833	4810747	Leu	CAG	0	0	66.59
NC_003197 	54	4810715	4810629	Leu	CAG	0	0	69.07
NC_003197 	55	4566654	4566579	Phe	GAA	0	0	84.11
NC_003197 	56	3820485	3820409	Pro	CGG	0	0	85.12
NC_003197 	57	3570380	3570305	Glu	TTC	0	0	59.80
NC_003197 	58	3566857	3566782	Thr	GGT	0	0	88.70
NC_003197 	59	3461838	3461752	Leu	GAG	0	0	70.30
NC_003197 	60	3458579	3458503	Met	CAT	0	0	86.07
NC_003197 	61	3197495	3197422	Gly	CCC	0	0	78.75
NC_003197 	62	2970647	2970555	Ser	GCT	0	0	72.46
NC_003197 	63	2970551	2970475	Arg	ACG	0	0	87.22
NC_003197 	64	2970412	2970336	Arg	ACG	0	0	87.22
NC_003197 	65	2970273	2970197	Arg	ACG	0	0	87.22
NC_003197 	66	2970003	2969927	Arg	ACG	0	0	87.22
NC_003197 	67	2800033	2799958	Glu	TTC	0	0	59.80
NC_003197 	68	2761722	2761646	Arg	TCT	0	0	74.82
NC_003197 	69	2529131	2529056	Ala	GGC	0	0	86.51
NC_003197 	70	2529013	2528938	Ala	GGC	0	0	86.51
NC_003197 	71	2094236	2094161	Asn	GTT	0	0	87.13
NC_003197 	72	2082262	2082173	Ser	CGA	0	0	75.49
NC_003197 	73	2035661	2035586	Gly	GCC	0	0	93.74
NC_003197 	74	2035533	2035460	Cys	GCA	0	0	51.48
NC_003197 	75	2035448	2035362	Leu	TAA	0	0	71.59
NC_003197 	76	1501810	1501734	Val	GAC	0	0	92.34
NC_003197 	77	1501723	1501647	Val	GAC	0	0	96.48
NC_003197 	78	1224829	1224742	Ser	GGA	0	0	68.60
NC_003197 	79	1027530	1027443	Ser	GGA	0	0	68.60
NC_003197 	80	738716 	738640 	Met	CAT	0	0	96.18
NC_003197 	81	738631 	738547 	Leu	TAG	0	0	78.30
NC_003197 	82	738523 	738449 	Gln	TTG	0	0	74.33
NC_003197 	83	738413 	738339 	Gln	TTG	0	0	74.33
NC_003197 	84	738323 	738247 	Met	CAT	0	0	96.18
NC_003197 	85	738200 	738126 	Gln	CTG	0	0	75.83
NC_003197 	86	738082 	738008 	Gln	CTG	0	0	75.83
