0	1	talB_gi16763397
5000	1	talB_gi16763397
10000	1	STM0016_gi16763406
15000	1	STM0016_gi16763406
20000	0	
25000	0	
30000	0	
35000	0	
40000	0	
45000	0	
50000	0	
55000	0	
60000	0	
65000	0	
70000	0	
75000	0	
80000	0	
85000	1	yaaU_gi16763469
90000	1	yaaU_gi16763469
95000	2	folA_gi16763477 apaH_gi16763478
100000	2	folA_gi16763477 apaH_gi16763478
105000	0	
110000	1	polB_gi16763487
115000	1	polB_gi16763487
120000	0	
125000	0	
130000	0	
135000	0	
140000	0	
145000	0	
150000	0	
155000	1	guaC_gi16763531
160000	2	guaC_gi16763531 ampD_gi16763536
165000	1	ampD_gi16763536
170000	0	
175000	0	
180000	0	
185000	0	
190000	0	
195000	0	
200000	0	
205000	0	
210000	1	pcnB_gi16763574
215000	1	pcnB_gi16763574
220000	0	
225000	0	
230000	0	
235000	0	
240000	1	STM0212_gi16763602
245000	1	STM0212_gi16763602
250000	0	
255000	0	
260000	1	dnaE_gi16763621
265000	1	dnaE_gi16763621
270000	0	
275000	0	
280000	0	
285000	0	
290000	1	yafC_gi16763639
295000	3	yafC_gi16763639 dniR_gi16763643 rnhA_gi16763646
300000	2	dniR_gi16763643 rnhA_gi16763646
305000	0	
310000	0	
315000	0	
320000	0	
325000	0	
330000	0	
335000	0	
340000	1	sinR_gi16763687
345000	1	sinR_gi16763687
350000	0	
355000	0	
360000	1	STM0325_gi16763706
365000	1	STM0325_gi16763706
370000	2	STM0333_gi16763713 STM0334_gi16763714
375000	2	STM0333_gi16763713 STM0334_gi16763714
380000	0	
385000	1	STM0346_gi16763726
390000	1	STM0346_gi16763726
395000	1	STM0356_gi16763736
400000	2	STM0356_gi16763736 res_gi39546295
405000	1	res_gi39546295
410000	0	
415000	0	
420000	2	yaiU_gi16763753 ampH_gi16763755
425000	2	yaiU_gi16763753 ampH_gi16763755
430000	0	
435000	1	rdgC_gi16763772
440000	2	rdgC_gi16763772 sbcC_gi16763775
445000	2	sbcC_gi16763775 sbcD_gi16763776
450000	1	sbcD_gi16763776
455000	0	
460000	0	
465000	0	
470000	0	
475000	0	
480000	0	
485000	0	
490000	0	
495000	1	clpP_gi16763829
500000	2	clpP_gi16763829 hupB_gi16763832
505000	2	hupB_gi16763832 ybaX_gi16763836
510000	1	ybaX_gi16763836
515000	0	
520000	0	
525000	0	
530000	0	
535000	0	
540000	0	
545000	0	
550000	0	
555000	1	ybbK_gi16763881
560000	1	ybbK_gi16763881
565000	0	
570000	0	
575000	0	
580000	0	
585000	0	
590000	0	
595000	0	
600000	0	
605000	1	STM0554_gi16763933
610000	3	STM0554_gi16763933 yfdH_gi16763936 rfbI_gi16763937
615000	2	yfdH_gi16763936 rfbI_gi16763937
620000	0	
625000	0	
630000	0	
635000	0	
640000	0	
645000	0	
650000	0	
655000	0	
660000	0	
665000	0	
670000	0	
675000	0	
680000	0	
685000	0	
690000	0	
695000	1	rlpA_gi16764015
700000	1	rlpA_gi16764015
705000	0	
710000	0	
715000	0	
720000	0	
725000	1	phoL_gi16764046
730000	1	phoL_gi16764046
735000	0	
740000	0	
745000	1	citA_gi16764059
750000	1	citA_gi16764059
755000	0	
760000	0	
765000	0	
770000	0	
775000	2	STM0716_gi16764086 STM0719_gi16764089
780000	2	STM0716_gi16764086 STM0719_gi16764089
785000	0	
790000	0	
795000	0	
800000	0	
805000	1	tolA_gi16764117
810000	1	tolA_gi16764117
815000	1	pnuC_gi16764122
820000	2	pnuC_gi16764122 STM0763.s_gi39546302
825000	1	STM0763.s_gi39546302
830000	0	
835000	1	galE_gi16764140
840000	1	galE_gi16764140
845000	0	
850000	0	
855000	0	
860000	0	
865000	0	
870000	0	
875000	0	
880000	2	rhlE_gi16764183 dinG_gi16764184
885000	3	rhlE_gi16764183 dinG_gi16764184 ybiI_gi16764187
890000	2	ybiI_gi16764187 ompX_gi16764195
895000	1	ompX_gi16764195
900000	0	
905000	1	pflF_gi16764205
910000	1	pflF_gi16764205
915000	0	
920000	0	
925000	0	
930000	0	
935000	0	
940000	0	
945000	0	
950000	0	
955000	4	STM0893_gi16764254 STM0894_gi16764255 STM0895.1n_gi39980851 STM0895_gi16764256
960000	8	STM0893_gi16764254 STM0894_gi16764255 STM0895.1n_gi39980851 STM0895_gi16764256 STM0896_gi16764257 STM0898_gi16764259 STM0898A_gi16764260 STM0900_gi16764262
965000	6	STM0896_gi16764257 STM0898_gi16764259 STM0898A_gi16764260 STM0900_gi16764262 STM0901_gi16764263 STM0903_gi16764265
970000	7	STM0901_gi16764263 STM0903_gi16764265 STM0905_gi16764267 STM0906_gi16764268 STM0907_gi16764269 STM0908_gi16764270 STM0910_gi16764272
975000	7	STM0905_gi16764267 STM0906_gi16764268 STM0907_gi16764269 STM0908_gi16764270 STM0910_gi16764272 STM0911_gi16764273 STM0912_gi16764274
980000	8	STM0911_gi16764273 STM0912_gi16764274 STM0914_gi16764276 STM0915_gi16764277 STM0916_gi16764278 STM0916.1N_gi39546305 STM0917_gi16764279 STM0918_gi16764280
985000	11	STM0914_gi16764276 STM0915_gi16764277 STM0916_gi16764278 STM0916.1N_gi39546305 STM0917_gi16764279 STM0918_gi16764280 STM0919_gi16764281 STM0920_gi16764282 STM0921_gi16764283 STM0922_gi16764284 STM0923_gi16764285
990000	7	STM0919_gi16764281 STM0920_gi16764282 STM0921_gi16764283 STM0922_gi16764284 STM0923_gi16764285 STM0925.S_gi39546306 STM0926_gi16764288
995000	3	STM0925.S_gi39546306 STM0926_gi16764288 STM0927_gi16764289
1000000	2	STM0927_gi16764289 ybjR_gi16764293
1005000	1	ybjR_gi16764293
1010000	1	ybjD_gi16764301
1015000	1	ybjD_gi16764301
1020000	1	STM0947_gi16764309
1025000	1	STM0947_gi16764309
1030000	1	ftsK_gi16764321
1035000	2	ftsK_gi16764321 ycaJ_gi16764323
1040000	1	ycaJ_gi16764323
1045000	1	pflA_gi16764330
1050000	2	pflA_gi16764330 pflB_gi16764333
1055000	1	pflB_gi16764333
1060000	1	himD_gi16764342
1065000	1	himD_gi16764342
1070000	0	
1075000	0	
1080000	0	
1085000	0	
1090000	2	STM1005_gi16764365 STM1006_gi16764366
1095000	2	STM1005_gi16764365 STM1006_gi16764366
1100000	5	STM1014_gi16764374 STM1015_gi16764375 STM1017_gi16764377 STM1019_gi16764379 STM1020_gi16764380
1105000	9	STM1014_gi16764374 STM1015_gi16764375 STM1017_gi16764377 STM1019_gi16764379 STM1020_gi16764380 STM1021_gi16764381 STM1022_gi16764382 STM1026_gi16764386 STM1027_gi16764387
1110000	8	STM1021_gi16764381 STM1022_gi16764382 STM1026_gi16764386 STM1027_gi16764387 STM1028_gi16764388 STM1029_gi16764389 STM1031_gi16764391 STM1032_gi16764392
1115000	8	STM1028_gi16764388 STM1029_gi16764389 STM1031_gi16764391 STM1032_gi16764392 STM1033_gi16764393 STM1036_gi16764396 STM1037_gi16764397 STM1038_gi16764398
1120000	9	STM1033_gi16764393 STM1036_gi16764396 STM1037_gi16764397 STM1038_gi16764398 STM1039_gi16764399 STM1040_gi16764400 STM1041_gi16764401 STM1042_gi16764402 STM1043_gi16764403
1125000	9	STM1039_gi16764399 STM1040_gi16764400 STM1041_gi16764401 STM1042_gi16764402 STM1043_gi16764403 STM1045_gi16764405 STM1046_gi16764406 STM1047_gi16764407 STM1048_gi16764408
1130000	7	STM1045_gi16764405 STM1046_gi16764406 STM1047_gi16764407 STM1048_gi16764408 STM1048.1N_gi39546309 STM1049_gi16764409 STM1050_gi16764410
1135000	5	STM1048.1N_gi39546309 STM1049_gi16764409 STM1050_gi16764410 STM1053_gi16764412 STM1056_gi16764415
1140000	2	STM1053_gi16764412 STM1056_gi16764415
1145000	0	
1150000	0	
1155000	0	
1160000	0	
1165000	0	
1170000	2	pipA_gi16764445 pipB_gi16764446
1175000	3	pipA_gi16764445 pipB_gi16764446 orfX_gi16764450
1180000	1	orfX_gi16764450
1185000	0	
1190000	0	
1195000	0	
1200000	0	
1205000	1	putP_gi16764482
1210000	2	putP_gi16764482 STM1128_gi16764485
1215000	2	STM1128_gi16764485 STM1132_gi16764489
1220000	1	STM1132_gi16764489
1225000	0	
1230000	0	
1235000	0	
1240000	1	dinI_gi16764518
1245000	1	dinI_gi16764518
1250000	0	
1255000	1	flgJ_gi16764538
1260000	1	flgJ_gi16764538
1265000	0	
1270000	0	
1275000	1	tmk_gi16764555
1280000	1	tmk_gi16764555
1285000	0	
1290000	0	
1295000	0	
1300000	1	cobB_gi16764576
1305000	1	cobB_gi16764576
1310000	0	
1315000	0	
1320000	1	msgA_gi16764596
1325000	2	msgA_gi16764596 pagC_gi16764600
1330000	2	pagC_gi16764600 STM1251_gi16764603
1335000	1	STM1251_gi16764603
1340000	0	
1345000	0	
1350000	0	
1355000	0	
1360000	0	
1365000	1	sppA_gi16764646
1370000	1	sppA_gi16764646
1375000	2	STM1301_gi16764652 astC_gi16764654
1380000	2	STM1301_gi16764652 astC_gi16764654
1385000	0	
1390000	0	
1395000	0	
1400000	0	
1405000	0	
1410000	1	himA_gi16764690
1415000	1	himA_gi16764690
1420000	0	
1425000	0	
1430000	0	
1435000	0	
1440000	0	
1445000	0	
1450000	0	
1455000	0	
1460000	0	
1465000	0	
1470000	0	
1475000	1	ssaC_gi16764744
1480000	1	ssaC_gi16764744
1485000	0	
1490000	0	
1495000	0	
1500000	0	
1505000	1	ydhO_gi16764780
1510000	1	ydhO_gi16764780
1515000	0	
1520000	0	
1525000	0	
1530000	0	
1535000	0	
1540000	0	
1545000	0	
1550000	0	
1555000	1	ynfL_gi16764832
1560000	1	ynfL_gi16764832
1565000	0	
1570000	0	
1575000	1	speG_gi16764847
1580000	1	speG_gi16764847
1585000	1	ydeI_gi16764860
1590000	1	ydeI_gi16764860
1595000	1	yneJ_gi16764868
1600000	1	yneJ_gi16764868
1605000	0	
1610000	0	
1615000	0	
1620000	0	
1625000	0	
1630000	0	
1635000	0	
1640000	0	
1645000	0	
1650000	0	
1655000	0	
1660000	0	
1665000	0	
1670000	0	
1675000	0	
1680000	0	
1685000	0	
1690000	0	
1695000	1	ydcK_gi16764954
1700000	1	ydcK_gi16764954
1705000	1	ydcI_gi16764969
1710000	1	ydcI_gi16764969
1715000	0	
1720000	0	
1725000	0	
1730000	0	
1735000	0	
1740000	0	
1745000	0	
1750000	1	STM1664_gi16765008
1755000	1	STM1664_gi16765008
1760000	0	
1765000	1	STM1677_gi16765020
1770000	1	STM1677_gi16765020
1775000	0	
1780000	0	
1785000	0	
1790000	0	
1795000	0	
1800000	0	
1805000	1	sohB_gi16765060
1810000	1	sohB_gi16765060
1815000	0	
1820000	0	
1825000	1	tonB_gi16765081
1830000	1	tonB_gi16765081
1835000	0	
1840000	1	tdk_gi16765094
1845000	2	tdk_gi16765094 purU_gi16765100
1850000	1	purU_gi16765100
1855000	0	
1860000	0	
1865000	1	prfA_gi16765117
1870000	2	prfA_gi16765117 prsA_gi16765121
1875000	1	prsA_gi16765121
1880000	0	
1885000	0	
1890000	1	emtA_gi16765140
1895000	1	emtA_gi16765140
1900000	0	
1905000	0	
1910000	0	
1915000	0	
1920000	0	
1925000	0	
1930000	1	STM1839_gi16765180
1935000	1	STM1839_gi16765180
1940000	0	
1945000	1	prpA_gi16765194
1950000	2	prpA_gi16765194 STM1858_gi16765199
1955000	2	STM1858_gi16765199 mig_3_gi16765208
1960000	4	mig_3_gi16765208 STM1869_gi16765210 STM1869A_gi16765211 STM1873_gi16765215
1965000	5	STM1869_gi16765210 STM1869A_gi16765211 STM1873_gi16765215 holE_gi16765218 exoX_gi16765220
1970000	2	holE_gi16765218 exoX_gi16765220
1975000	0	
1980000	1	yebA_gi16765232
1985000	2	yebA_gi16765232 ruvB_gi16765236
1990000	1	ruvB_gi16765236
1995000	0	
2000000	0	
2005000	0	
2010000	0	
2015000	0	
2020000	0	
2025000	0	
2030000	0	
2035000	1	fliZ_gi16765293
2040000	1	fliZ_gi16765293
2045000	0	
2050000	0	
2055000	0	
2060000	0	
2065000	0	
2070000	1	dcm_gi16765328
2075000	2	dcm_gi16765328 STM2005_gi16765337
2080000	1	STM2005_gi16765337
2085000	0	
2090000	0	
2095000	0	
2100000	0	
2105000	0	
2110000	0	
2115000	0	
2120000	0	
2125000	0	
2130000	0	
2135000	0	
2140000	0	
2145000	0	
2150000	0	
2155000	0	
2160000	0	
2165000	2	rfbJ_gi16765419 rfbG_gi16765421
2170000	3	rfbJ_gi16765419 rfbG_gi16765421 rfbB_gi16765427
2175000	1	rfbB_gi16765427
2180000	0	
2185000	2	wcaG_gi16765438 gmd_gi16765439
2190000	2	wcaG_gi16765438 gmd_gi16765439
2195000	0	
2200000	1	dcd_gi16765451
2205000	1	dcd_gi16765451
2210000	0	
2215000	0	
2220000	0	
2225000	1	STM2137_gi16765466
2230000	1	STM2137_gi16765466
2235000	0	
2240000	0	
2245000	0	
2250000	0	
2255000	0	
2260000	0	
2265000	0	
2270000	1	STM2179_gi16765509
2275000	1	STM2179_gi16765509
2280000	0	
2285000	1	folE_gi16765523
2290000	1	folE_gi16765523
2295000	0	
2300000	0	
2305000	0	
2310000	0	
2315000	1	yejH_gi16765552
2320000	2	yejH_gi16765552 yejK_gi16765555
2325000	4	yejK_gi16765555 STM2231_gi16765559 oafA_gi16765560 STM2233_gi16765561
2330000	8	STM2231_gi16765559 oafA_gi16765560 STM2233_gi16765561 STM2234_gi16765562 STM2235_gi16765563 STM2236_gi16765564 STM2237_gi16765565 STM2239_gi16765567
2335000	7	STM2234_gi16765562 STM2235_gi16765563 STM2236_gi16765564 STM2237_gi16765565 STM2239_gi16765567 STM2240_gi16765568 STM2243_gi16765571
2340000	2	STM2240_gi16765568 STM2243_gi16765571
2345000	0	
2350000	0	
2355000	0	
2360000	0	
2365000	0	
2370000	1	gyrA_gi16765599
2375000	3	gyrA_gi16765599 nrdA_gi16765604 nrdB_gi16765605
2380000	4	nrdA_gi16765604 nrdB_gi16765605 STM2281_gi16765608 glpQ_gi16765609
2385000	2	STM2281_gi16765608 glpQ_gi16765609
2390000	0	
2395000	0	
2400000	2	pmrF_gi16765625 yfbG_gi16765626
2405000	2	pmrF_gi16765625 yfbG_gi16765626
2410000	0	
2415000	0	
2420000	0	
2425000	0	
2430000	0	
2435000	2	lrhA_gi16765657 STM2332_gi16765659
2440000	2	lrhA_gi16765657 STM2332_gi16765659
2445000	0	
2450000	0	
2455000	0	
2460000	0	
2465000	0	
2470000	0	
2475000	0	
2480000	1	STM2374_gi16765701
2485000	1	STM2374_gi16765701
2490000	0	
2495000	0	
2500000	0	
2505000	0	
2510000	0	
2515000	0	
2520000	0	
2525000	1	xapR_gi16765740
2530000	2	xapR_gi16765740 yfeR_gi16765744
2535000	2	yfeR_gi16765744 lig_gi16765747
2540000	1	lig_gi16765747
2545000	0	
2550000	0	
2555000	1	amiA_gi16765770
2560000	1	amiA_gi16765770
2565000	0	
2570000	0	
2575000	1	talA_gi16765793
2580000	2	talA_gi16765793 STM2478_gi16765798
2585000	1	STM2478_gi16765798
2590000	0	
2595000	0	
2600000	0	
2605000	2	purM_gi39546344 purN_gi16765820
2610000	2	purM_gi39546344 purN_gi16765820
2615000	1	STM2509_gi16765829
2620000	3	STM2509_gi16765829 guaB_gi16765831 xseA_gi16765832
2625000	3	guaB_gi16765831 xseA_gi16765832 shdA_gi16765833
2630000	1	shdA_gi16765833
2635000	0	
2640000	0	
2645000	0	
2650000	0	
2655000	0	
2660000	0	
2665000	0	
2670000	0	
2675000	0	
2680000	0	
2685000	1	glyA_gi16765875
2690000	1	glyA_gi16765875
2695000	0	
2700000	0	
2705000	1	yfhD_gi16765887
2710000	1	yfhD_gi16765887
2715000	1	STM2575_gi16765895
2720000	1	STM2575_gi16765895
2725000	1	STM2586_gi16765907
2730000	2	STM2586_gi16765907 STM2588_gi16765909
2735000	6	STM2588_gi16765909 STM2589_gi16765910 STM2590_gi16765911 STM2591_gi16765912 STM2592_gi16765913 STM2593_gi16765914
2740000	11	STM2589_gi16765910 STM2590_gi16765911 STM2591_gi16765912 STM2592_gi16765913 STM2593_gi16765914 STM2594_gi16765915 STM2595_gi16765916 STM2596_gi16765917 STM2597_gi16765918 STM2599_gi16765920 STM2598_gi16765919
2745000	12	STM2594_gi16765915 STM2595_gi16765916 STM2596_gi16765917 STM2597_gi16765918 STM2599_gi16765920 STM2598_gi16765919 STM2600_gi16765921 STM2601_gi16765922 STM2602_gi16765923 STM2603_gi16765924 STM2604_gi16765925 STM2605_gi16765926
2750000	12	STM2600_gi16765921 STM2601_gi16765922 STM2602_gi16765923 STM2603_gi16765924 STM2604_gi16765925 STM2605_gi16765926 STM2606_gi16765927 STM2607_gi16765928 STM2608_gi16765929 STM2609_gi16765930 STM2611.S_gi39546345 STM2612_gi16765933
2755000	11	STM2606_gi16765927 STM2607_gi16765928 STM2608_gi16765929 STM2609_gi16765930 STM2611.S_gi39546345 STM2612_gi16765933 STM2613_gi16765934 STM2614_gi16765935 STM2616_gi16765936 STM2617_gi16765937 STM2619_gi16765939
2760000	10	STM2613_gi16765934 STM2614_gi16765935 STM2616_gi16765936 STM2617_gi16765937 STM2619_gi16765939 STM2620_gi16765940 STM2621_gi16765941 STM2623_gi16765943 STM2625_gi16765945 STM2626_gi16765946
2765000	5	STM2620_gi16765940 STM2621_gi16765941 STM2623_gi16765943 STM2625_gi16765945 STM2626_gi16765946
2770000	1	STM2636_gi16765956
2775000	2	STM2636_gi16765956 srmB_gi16765963
2780000	2	srmB_gi16765963 yfiD_gi16765966
2785000	1	yfiD_gi16765966
2790000	2	kgtP_gi16765974 STM2655_gi16765975
2795000	2	kgtP_gi16765974 STM2655_gi16765975
2800000	0	
2805000	0	
2810000	0	
2815000	0	
2820000	0	
2825000	0	
2830000	0	
2835000	1	STM2694_gi16766007
2840000	6	STM2694_gi16766007 STM2695_gi16766008 STM2696_gi16766009 STM2697_gi16766010 STM2698_gi16766011 STM2699_gi16766012
2845000	11	STM2695_gi16766008 STM2696_gi16766009 STM2697_gi16766010 STM2698_gi16766011 STM2699_gi16766012 STM2700_gi16766013 STM2701_gi16766014 STM2703_gi16766016 STM2702_gi16766015 STM2704_gi16766017 STM2705_gi16766018
2850000	15	STM2700_gi16766013 STM2701_gi16766014 STM2703_gi16766016 STM2702_gi16766015 STM2704_gi16766017 STM2705_gi16766018 STM2706_gi16766019 STM2707_gi16766020 STM2708_gi16766021 STM2709_gi16766022 STM2710_gi16766023 STM2711_gi16766024 STM2712_gi16766025 STM2713_gi16766026 STM2714_gi16766027
2855000	16	STM2706_gi16766019 STM2707_gi16766020 STM2708_gi16766021 STM2709_gi16766022 STM2710_gi16766023 STM2711_gi16766024 STM2712_gi16766025 STM2713_gi16766026 STM2714_gi16766027 STM2715.S_gi39546347 STM2717_gi16766030 STM2718_gi16766031 STM2719_gi16766032 STM2720_gi16766033 STM2721_gi16766034 STM2722_gi16766035
2860000	9	STM2715.S_gi39546347 STM2717_gi16766030 STM2718_gi16766031 STM2719_gi16766032 STM2720_gi16766033 STM2721_gi16766034 STM2722_gi16766035 STM2723_gi16766036 STM2727_gi16766039
2865000	6	STM2723_gi16766036 STM2727_gi16766039 STM2729_gi16766041 STM2730_gi16766042 STM2731_gi16766043 STM2732_gi16766044
2870000	9	STM2729_gi16766041 STM2730_gi16766042 STM2731_gi16766043 STM2732_gi16766044 STM2735_gi16766047 STM2736_gi16766048 STM2738_gi16766050 STM2739_gi16766051 STM2740_gi16766052
2875000	7	STM2735_gi16766047 STM2736_gi16766048 STM2738_gi16766050 STM2739_gi16766051 STM2740_gi16766052 STM2744_gi16766056 STM2745_gi16766057
2880000	3	STM2744_gi16766056 STM2745_gi16766057 STM2749_gi16766061
2885000	1	STM2749_gi16766061
2890000	0	
2895000	0	
2900000	0	
2905000	2	STM2769_gi16766081 hin_gi16766084
2910000	2	STM2769_gi16766081 hin_gi16766084
2915000	0	
2920000	1	pipB2_gi16766091
2925000	1	pipB2_gi16766091
2930000	0	
2935000	1	gabT_gi16766103
2940000	1	gabT_gi16766103
2945000	4	nrdH_gi16766116 nrdI_gi16766117 nrdE_gi16766118 nrdF_gi16766119
2950000	4	nrdH_gi16766116 nrdI_gi16766117 nrdE_gi16766118 nrdF_gi16766119
2955000	0	
2960000	0	
2965000	1	csrA_gi16766132
2970000	2	csrA_gi16766132 recA_gi16766135
2975000	2	recA_gi16766135 gutQ_gi39546349
2980000	1	gutQ_gi39546349
2985000	0	
2990000	0	
2995000	0	
3000000	0	
3005000	0	
3010000	0	
3015000	1	iagB_gi16766183
3020000	1	iagB_gi16766183
3025000	0	
3030000	0	
3035000	1	invG_gi16766204
3040000	2	invG_gi16766204 pphB_gi16766213
3045000	2	pphB_gi16766213 STM2912_gi16766218
3050000	1	STM2912_gi16766218
3055000	0	
3060000	1	nlpD_gi16766231
3065000	1	nlpD_gi16766231
3070000	0	
3075000	0	
3080000	0	
3085000	0	
3090000	1	ygcF_gi16766257
3095000	1	ygcF_gi16766257
3100000	0	
3105000	0	
3110000	1	yqcD_gi16766273
3115000	1	yqcD_gi16766273
3120000	0	
3125000	0	
3130000	1	gcvA_gi16766286
3135000	2	gcvA_gi16766286 amiC_gi16766293
3140000	2	amiC_gi16766293 recD_gi16766295
3145000	1	recD_gi16766295
3150000	1	thyA_gi16766303
3155000	1	thyA_gi16766303
3160000	0	
3165000	1	lysR_gi16766316
3170000	1	lysR_gi16766316
3175000	1	STM3020_gi16766322
3180000	1	STM3020_gi16766322
3185000	1	STM3031_gi16766333
3190000	2	STM3031_gi16766333 STM3038_gi16766339
3195000	3	STM3038_gi16766339 prfB_gi39546356 recJ_gi16766343
3200000	3	prfB_gi39546356 recJ_gi16766343 xerD_gi16766345
3205000	1	xerD_gi16766345
3210000	0	
3215000	0	
3220000	0	
3225000	0	
3230000	0	
3235000	0	
3240000	0	
3245000	1	galP_gi16766392
3250000	1	galP_gi16766392
3255000	0	
3260000	0	
3265000	1	mltC_gi16766413
3270000	2	mltC_gi16766413 STM3121_gi16766421
3275000	1	STM3121_gi16766421
3280000	0	
3285000	0	
3290000	0	
3295000	1	gsp_gi16766439
3300000	1	gsp_gi16766439
3305000	0	
3310000	0	
3315000	0	
3320000	0	
3325000	0	
3330000	1	parC_gi16766474
3335000	2	parC_gi16766474 ygiW_gi16766476
3340000	3	ygiW_gi16766476 parE_gi16766481 yqiE_gi16766485
3345000	3	parE_gi16766481 yqiE_gi16766485 ygiC_gi16766488
3350000	1	ygiC_gi16766488
3355000	2	yqiK_gi16766499 rfaE_gi16766500
3360000	3	yqiK_gi16766499 rfaE_gi16766500 cca_gi16766504
3365000	2	cca_gi16766504 dnaG_gi16766510
3370000	1	dnaG_gi16766510
3375000	1	oat_gi16766517
3380000	1	oat_gi16766517
3385000	0	
3390000	0	
3395000	0	
3400000	1	tdcE_gi16766540
3405000	1	tdcE_gi16766540
3410000	0	
3415000	0	
3420000	0	
3425000	0	
3430000	0	
3435000	0	
3440000	0	
3445000	0	
3450000	1	infB_gi16766584
3455000	1	infB_gi16766584
3460000	1	hflB_gi16766592
3465000	2	hflB_gi16766592 nlp_gi16766601
3470000	1	nlp_gi16766601
3475000	1	yrbH_gi16766610
3480000	1	yrbH_gi16766610
3485000	0	
3490000	0	
3495000	1	yhcG_gi16766627
3500000	2	yhcG_gi16766627 nanT_gi16766633
3505000	2	nanT_gi16766633 sspB_gi16766636
3510000	1	sspB_gi16766636
3515000	0	
3520000	0	
3525000	1	yhcS_gi16766662
3530000	1	yhcS_gi16766662
3535000	0	
3540000	0	
3545000	1	panF_gi16766677
3550000	2	panF_gi16766677 yhdJ_gi16766681
3555000	1	yhdJ_gi16766681
3560000	0	
3565000	0	
3570000	1	fmt_gi16766696
3575000	1	fmt_gi16766696
3580000	0	
3585000	0	
3590000	0	
3595000	0	
3600000	0	
3605000	0	
3610000	1	argD_gi16766756
3615000	1	argD_gi16766756
3620000	1	bigA_gi16766766
3625000	1	bigA_gi16766766
3630000	1	dam_gi16766772
3635000	2	dam_gi16766772 hofQ_gi16766776
3640000	1	hofQ_gi16766776
3645000	0	
3650000	0	
3655000	0	
3660000	1	yhgI_gi16766799
3665000	1	yhgI_gi16766799
3670000	0	
3675000	2	rtcB_gi16766807 STM3521_gi16766808
3680000	2	rtcB_gi16766807 STM3521_gi16766808
3685000	0	
3690000	0	
3695000	0	
3700000	0	
3705000	0	
3710000	0	
3715000	1	ugpQ_gi16766839
3720000	3	ugpQ_gi16766839 STM3558_gi16766844 yhhV_gi16766845
3725000	2	STM3558_gi16766844 yhhV_gi16766845
3730000	0	
3735000	0	
3740000	0	
3745000	0	
3750000	0	
3755000	0	
3760000	0	
3765000	0	
3770000	1	STM3605_gi16766891
3775000	3	STM3605_gi16766891 yhjC_gi16766893 yhjE_gi16766895
3780000	2	yhjC_gi16766893 yhjE_gi16766895
3785000	0	
3790000	0	
3795000	0	
3800000	0	
3805000	0	
3810000	0	
3815000	0	
3820000	0	
3825000	0	
3830000	0	
3835000	0	
3840000	0	
3845000	0	
3850000	0	
3855000	0	
3860000	0	
3865000	0	
3870000	0	
3875000	1	STM3691_gi16766976
3880000	1	STM3691_gi16766976
3885000	0	
3890000	1	yibP_gi16766990
3895000	1	yibP_gi16766990
3900000	1	rfaD_gi16766995
3905000	1	rfaD_gi16766995
3910000	0	
3915000	2	dfp_gi16767015 dut_gi16767016
3920000	2	dfp_gi16767015 dut_gi16767016
3925000	2	yicF_gi16767024 spoT_gi16767027
3930000	2	yicF_gi16767024 spoT_gi16767027
3935000	0	
3940000	0	
3945000	2	rhuM_gi16767039 misL_gi16767041
3950000	2	rhuM_gi16767039 misL_gi16767041
3955000	0	
3960000	0	
3965000	0	
3970000	0	
3975000	0	
3980000	0	
3985000	0	
3990000	0	
3995000	1	dsdC_gi16767086
4000000	2	dsdC_gi16767086 ibpB_gi39546375
4005000	2	ibpB_gi39546375 ibpA_gi39546376
4010000	1	ibpA_gi39546376
4015000	0	
4020000	0	
4025000	0	
4030000	1	STM3834_gi16767119
4035000	3	STM3834_gi16767119 gyrB_gi16767120 dnaN_gi16767122
4040000	3	gyrB_gi16767120 dnaN_gi16767122 STM3841_gi16767126
4045000	3	STM3841_gi16767126 STM3845_gi16767129 STM3846.s_gi39546377
4050000	2	STM3845_gi16767129 STM3846.s_gi39546377
4055000	1	pstS_gi16767141
4060000	1	pstS_gi16767141
4065000	0	
4070000	1	atpF_gi16767153
4075000	1	atpF_gi16767153
4080000	0	
4085000	0	
4090000	0	
4095000	0	
4100000	0	
4105000	0	
4110000	3	STM3906_gi16767182 STM3907_gi16767183 ilvY_gi16767184
4115000	3	STM3906_gi16767182 STM3907_gi16767183 ilvY_gi16767184
4120000	0	
4125000	1	rffG_gi16767197
4130000	1	rffG_gi16767197
4135000	0	
4140000	0	
4145000	1	xerC_gi16767219
4150000	1	xerC_gi16767219
4155000	0	
4160000	0	
4165000	0	
4170000	0	
4175000	0	
4180000	0	
4185000	0	
4190000	0	
4195000	0	
4200000	1	polA_gi16767264
4205000	1	polA_gi16767264
4210000	0	
4215000	0	
4220000	0	
4225000	0	
4230000	0	
4235000	1	STM4030.S_gi39546386
4240000	1	STM4030.S_gi39546386
4245000	0	
4250000	0	
4255000	0	
4260000	0	
4265000	0	
4270000	0	
4275000	0	
4280000	0	
4285000	0	
4290000	0	
4295000	0	
4300000	0	
4305000	0	
4310000	0	
4315000	1	talC_gi16767375
4320000	2	talC_gi16767375 pflD_gi16767379
4325000	1	pflD_gi16767379
4330000	0	
4335000	0	
4340000	0	
4345000	0	
4350000	0	
4355000	0	
4360000	0	
4365000	0	
4370000	1	STM4157_gi16767411
4375000	1	STM4157_gi16767411
4380000	1	hupA_gi16767424
4385000	2	hupA_gi16767424 purH_gi16767430
4390000	1	purH_gi16767430
4395000	0	
4400000	0	
4405000	0	
4410000	1	STM4196_gi16767446
4415000	5	STM4196_gi16767446 STM4200_gi16767450 STM4201_gi16767451 STM4202_gi16767452 STM4203_gi16767453
4420000	9	STM4200_gi16767450 STM4201_gi16767451 STM4202_gi16767452 STM4203_gi16767453 STM4205_gi16767455 STM4206_gi16767456 STM4207_gi16767457 STM4208_gi16767458 STM4209_gi16767459
4425000	8	STM4205_gi16767455 STM4206_gi16767456 STM4207_gi16767457 STM4208_gi16767458 STM4209_gi16767459 STM4210_gi16767460 STM4211_gi16767461 STM4212_gi16767462
4430000	10	STM4210_gi16767460 STM4211_gi16767461 STM4212_gi16767462 STM4213_gi16767463 STM4214_gi16767464 STM4215_gi16767465 STM4216_gi16767466 STM4217_gi16767467 STM4218_gi16767468 STM4219.S_gi39546392
4435000	7	STM4213_gi16767463 STM4214_gi16767464 STM4215_gi16767465 STM4216_gi16767466 STM4217_gi16767467 STM4218_gi16767468 STM4219.S_gi39546392
4440000	0	
4445000	0	
4450000	1	lexA_gi16767487
4455000	1	lexA_gi16767487
4460000	1	dnaB_gi16767496
4465000	1	dnaB_gi16767496
4470000	1	ssb_gi16767506
4475000	2	ssb_gi16767506 STM4261_gi16767511
4480000	1	STM4261_gi16767511
4485000	0	
4490000	0	
4495000	0	
4500000	0	
4505000	1	STM4270_gi16767520
4510000	1	STM4270_gi16767520
4515000	0	
4520000	0	
4525000	1	proP_gi16767540
4530000	1	proP_gi16767540
4535000	0	
4540000	0	
4545000	0	
4550000	0	
4555000	0	
4560000	0	
4565000	0	
4570000	0	
4575000	0	
4580000	0	
4585000	0	
4590000	0	
4595000	1	amiB_gi16767604
4600000	2	amiB_gi16767604 purA_gi16767612
4605000	1	purA_gi16767612
4610000	1	yjfC_gi16767622
4615000	1	yjfC_gi16767622
4620000	0	
4625000	0	
4630000	0	
4635000	0	
4640000	0	
4645000	0	
4650000	0	
4655000	1	STM4419_gi16767665
4660000	1	STM4419_gi16767665
4665000	0	
4670000	0	
4675000	0	
4680000	0	
4685000	2	nrdG_gi16767697 nrdD_gi16767698
4690000	2	nrdG_gi16767697 nrdD_gi16767698
4695000	0	
4700000	0	
4705000	0	
4710000	0	
4715000	0	
4720000	0	
4725000	1	STM4488_gi16767732
4730000	1	STM4488_gi16767732
4735000	1	STM4494_gi16767738
4740000	1	STM4494_gi16767738
4745000	0	
4750000	0	
4755000	0	
4760000	0	
4765000	0	
4770000	0	
4775000	1	hsdR_gi16767770
4780000	1	hsdR_gi16767770
4785000	0	
4790000	0	
4795000	2	dnaC_gi16767787 dnaT_gi16767788
4800000	2	dnaC_gi16767787 dnaT_gi16767788
4805000	0	
4810000	0	
4815000	0	
4820000	0	
4825000	0	
4830000	2	nadR_gi39546408 slt_gi16767823
4835000	3	nadR_gi39546408 slt_gi16767823 creA_gi16767828
4840000	1	creA_gi16767828
4845000	0	
4850000	0	
4855000	0	
