Salmonella typhimurium LT2, complete genome [asmbl_id: NC_003197], 4857432, gc%: 52.22%
Medium prophage region 4 is from 2326826 to 2344711 and is 17886 bp in size, gc%: 48.09%.

END5     FEATNAME           ANNOTATION OF BEST HIT FROM PHAGE DB, [ANNO]TATION, OR [HMM] HIT                                                                       PAGE: 1
............................................................................................................................................................................

2327446  STM2225_gi16765554 [ANNO] putative inner membrane protein
2328481  yejK_gi16765555    gi|56692913|ref|YP_164277.1|, TAG = PHAGE_pseudo_F116, E-VALUE = 2e-55
                            [ANNO] nucleoid-associated protein present in spermidine nucleoids
2328661  yejL_gi16765556    [ANNO] putative cytoplasmic protein
2328920  yejM_gi16765557    [ANNO] putative hydrolase hypothetical protein in rply-prol intergenic region (sw yejm_salty) alkaline phosphatase superfamily
2330754  tRNA-Pro-1         [TRNA] anticodon = GGG, codon = CCC, cove score = 77.97
2331431  STM2230.1c_gi39546 [ANNO] dna polymerase v subunit putative peptidase umud
2331492  STM2231_gi16765559 gi|46402108|ref|YP_006602.1|, TAG = PHAGE_klebsi_phiKO2, E-VALUE = 9e-27
                            [ANNO] virulence protein
2332130  oafA_gi16765560    gi|9635620|ref|NP_061524.1|, TAG = PHAGE_pseudo_D3, E-VALUE = 4e-56
                            [ANNO] o-antigen acetylase o-antigen five acetylation of the o-antigen (lps)
2334456  STM2233_gi16765561 [ANNO] putative cytoplasmic protein
                            [HMM-GLOCAL] (PF02413): Caudo_TAP: Domain of unknown function DUF144, SCORE = 178.0, TRUSTED = 36.0, NOISE = 22.6
2335361  STM2234_gi16765562 gi|46401655|ref|YP_006501.1|, TAG = PHAGE_coliph_P1, E-VALUE = 8e-13
                            [ANNO] putative phage tail fiber assembly protein
                            [HMM-GLOCAL] (PF02413): Caudo_TAP: Domain of unknown function DUF144, SCORE = 169.8, TRUSTED = 36.0, NOISE = 22.6
2336605  STM2235_gi16765563 gi|23505468|ref|NP_700397.1|, TAG = PHAGE_salmon_ST64B, E-VALUE = 3e-55
                            [ANNO] hypothetical protein
2337184  STM2236_gi16765564 gi|19548994|ref|NP_599036.1|, TAG = PHAGE_shigel_SfV, E-VALUE = 7e-77
                            [ANNO] hypothetical protein
                            [HMM-GLOCAL] (TIGR01543): proheadase_HK97: phage prohead protease, HK97 family, SCORE = 86.9, TRUSTED = 40.0, NOISE = -10.0
                            [HMM-GLOCAL] (PF04586): Caudo_protease: Caudovirus prohead protease, SCORE = 101.7, TRUSTED = -11.1, NOISE = -21.9
2337527  STM2237_gi16765565 gi|19549036|ref|NP_599081.1|, TAG = PHAGE_shigel_SfV, E-VALUE = 8e-39
                            [ANNO] putative inner membrane protein
                            [HMM-GLOCAL] (TIGR01594): holin_lambda: phage holin, lambda family, SCORE = 87.3, TRUSTED = 30.0, NOISE = 0.0
2337824  STM2238_gi16765566 [ANNO] hypothetical protein
2339552  STM2239_gi16765567 1, TAG = PHAGE_bacter_APSE, E-VALUE = 5e-35
                            [ANNO] putative phage antiterminator
                            [HMM-GLOCAL] (PF06530): Phage_antitermQ: Phage antitermination protein Q, SCORE = 216.0, TRUSTED = 108.1, NOISE = -38.7
2340556  STM2240_gi16765568 gi|19549032|ref|NP_599077.1|, TAG = PHAGE_shigel_SfV, E-VALUE = 6e-158
                            [ANNO] putative cytoplasmic protein
2343251  sspH2_gi16765569   [ANNO] leucine-rich repeat protein induced by the spi-2 regulator ssra/b secreted by spi-2
2343623  STM2242_gi16765570 [ANNO] putative phage tail fiber protein
2344711  STM2243_gi16765571 gi|41057371|ref|NP_958074.1|, TAG = PHAGE_salmon_PSP3, E-VALUE = 2e-59
                            [ANNO] putative tail fiber protein of phage
                            [HMM-GLOCAL] (PF03406): Phage_fiber_2: Phage tail fiber repeat, SCORE = 62.2, TRUSTED = 25.1, NOISE = 22.4
............................................................................................................................................................................
There are 1 regions between 10 and 18 Kb and summing 17886 bp of sequence ( 0.37% of the genome)
