Sequence  		tRNA   	Bounds 	tRNA	Anti	Intron Bounds	Cove
Name      	tRNA #	Begin  	End    	Type	Codon	Begin	End	Score
--------  	------	----   	------ 	----	-----	-----	----	------
NC_002947 	1	532369 	532452 	Tyr	GTA	0	0	69.48
NC_002947 	2	532477 	532550 	Gly	TCC	0	0	79.05
NC_002947 	3	532580 	532655 	Thr	GGT	0	0	91.65
NC_002947 	4	533982 	534057 	Trp	CCA	0	0	86.44
NC_002947 	5	699429 	699505 	Ile	GAT	0	0	93.51
NC_002947 	6	699530 	699605 	Ala	TGC	0	0	93.85
NC_002947 	7	733386 	733461 	Asn	GTT	0	0	91.73
NC_002947 	8	733466 	733542 	Pro	TGG	0	0	84.58
NC_002947 	9	733549 	733624 	Lys	TTT	0	0	97.16
NC_002947 	10	733671 	733747 	Pro	TGG	0	0	84.58
NC_002947 	11	733753 	733828 	Lys	TTT	0	0	97.16
NC_002947 	12	741323 	741398 	Thr	CGT	0	0	84.52
NC_002947 	13	1402404	1402479	Lys	TTT	0	0	97.16
NC_002947 	14	1418342	1418431	Ser	CGA	0	0	66.88
NC_002947 	15	1898426	1898501	Val	TAC	0	0	92.40
NC_002947 	16	1898515	1898591	Asp	GTC	0	0	94.67
NC_002947 	17	1898762	1898837	Val	TAC	0	0	92.40
NC_002947 	18	1898851	1898927	Asp	GTC	0	0	94.67
NC_002947 	19	2069061	2069150	Ser	GGA	0	0	65.75
NC_002947 	20	2102637	2102712	Glu	TTC	0	0	66.40
NC_002947 	21	2102715	2102790	Gly	GCC	0	0	93.74
NC_002947 	22	2102883	2102958	Glu	TTC	0	0	66.40
NC_002947 	23	2102962	2103037	Gly	GCC	0	0	93.74
NC_002947 	24	2103123	2103198	Gly	GCC	0	0	93.74
NC_002947 	25	2241531	2241606	Ala	GGC	0	0	87.82
NC_002947 	26	2241679	2241754	Glu	TTC	0	0	66.40
NC_002947 	27	2241806	2241881	Ala	GGC	0	0	87.82
NC_002947 	28	2241924	2241999	Glu	TTC	0	0	66.40
NC_002947 	29	2242061	2242136	Ala	GGC	0	0	87.82
NC_002947 	30	2242179	2242254	Glu	TTC	0	0	66.40
NC_002947 	31	2271396	2271471	Val	TAC	0	0	92.40
NC_002947 	32	2271537	2271613	Asp	GTC	0	0	94.67
NC_002947 	33	2271713	2271789	Asp	GTC	0	0	94.67
NC_002947 	34	2271931	2272007	Asp	GTC	0	0	94.67
NC_002947 	35	2550294	2550370	Ile	GAT	0	0	93.51
NC_002947 	36	2550395	2550470	Ala	TGC	0	0	93.85
NC_002947 	37	2585761	2585837	Arg	TCT	0	0	96.39
NC_002947 	38	2585879	2585954	His	GTG	0	0	84.29
NC_002947 	39	2586007	2586091	Leu	TAG	0	0	74.13
NC_002947 	40	2626119	2626194	His	GTG	0	0	84.29
NC_002947 	41	2685139	2685213	Gln	TTG	0	0	66.82
NC_002947 	42	2796488	2796564	Val	GAC	0	0	92.40
NC_002947 	43	2796737	2796813	Val	GAC	0	0	92.40
NC_002947 	44	2817001	2817077	Pro	GGG	0	0	73.43
NC_002947 	45	4361679	4361763	Leu	TAA	0	0	74.79
NC_002947 	46	5549323	5549409	Leu	CAG	0	0	69.36
NC_002947 	47	5549498	5549584	Leu	CAG	0	0	69.36
NC_002947 	48	5361177	5361092	Leu	GAG	0	0	64.92
NC_002947 	49	5360991	5360915	Met	CAT	0	0	87.09
NC_002947 	50	5311070	5310994	Ile	GAT	0	0	93.51
NC_002947 	51	5310897	5310822	Ala	TGC	0	0	93.85
NC_002947 	52	5079872	5079782	Ser	GCT	0	0	64.04
NC_002947 	53	5079675	5079599	Arg	ACG	0	0	85.06
NC_002947 	54	5079527	5079451	Arg	ACG	0	0	85.06
NC_002947 	55	5079376	5079300	Arg	ACG	0	0	85.06
NC_002947 	56	5079226	5079150	Arg	ACG	0	0	85.06
NC_002947 	57	5075828	5075760	Arg	CCT	0	0	36.13
NC_002947 	58	5075625	5075554	Arg	CCT	0	0	56.65
NC_002947 	59	4632625	4632550	Gly	GCC	0	0	93.74
NC_002947 	60	4501402	4501315	Ser	TGA	0	0	72.01
NC_002947 	61	4427589	4427516	Cys	GCA	0	0	59.39
NC_002947 	62	2420697	2420621	Pro	CGG	0	0	72.26
NC_002947 	63	2233343	2233268	Asn	GTT	0	0	91.73
NC_002947 	64	1606530	1606457	Gly	CCC	0	0	78.39
NC_002947 	65	1381032	1380956	Met	CAT	0	0	85.28
NC_002947 	66	1380821	1380745	Met	CAT	0	0	85.28
NC_002947 	67	1380610	1380534	Met	CAT	0	0	85.28
NC_002947 	68	968980 	968896 	Leu	CAA	0	0	69.15
NC_002947 	69	839818 	839744 	Gln	TTG	0	0	66.82
NC_002947 	70	813298 	813222 	Met	CAT	0	0	90.17
NC_002947 	71	467195 	467119 	Met	CAT	0	0	94.97
NC_002947 	72	344173 	344098 	Phe	GAA	0	0	88.80
NC_002947 	73	335046 	334971 	Thr	TGT	0	0	92.93
NC_002947 	74	255354 	255278 	Arg	CCG	0	0	86.39
