Pseudomonas putida KT2440, complete genome [asmbl_id: NC_002947], 6181863, gc%: 61.52%
Medium integrated element region 4 is from 2843633 to 2859725 or (2847041 to 2858854) and is 16093 (11814) bp in size, gc%: 57.13%.

END5     FEATNAME           ANNOTATION OF BEST HIT FROM PHAGE DB, [ANNO]TATION, OR [HMM] HIT                                                                       PAGE: 1
............................................................................................................................................................................

2847041  attL_4             CTGCACAGGCAATCGA
2848643  PP2501_gi26989224  ORF0001, TAG = PHAGE_coliph_R73, E-VALUE = 2e-22
                            [ANNO] phage integrase putative
                            [HMM-GLOCAL] (PF00589): Phage_integrase: Phage integrase family, SCORE = 41.5, TRUSTED = -39.0, NOISE = -44.2
2850092  PP2502_gi26989225  gi|38707948|ref|NP_945089.1|, TAG = PHAGE_burkho_phi1026b, E-VALUE = 1e-09
                            [ANNO] transcriptional regulator lysr family
2850206  PP2503_gi26989226  [ANNO] 3-oxoacyl-(acyl-carrier-protein) reductase putative
2851007  dmpI_gi26989227    [ANNO] 4-oxalocrotonate tautomerase
2853328  PP2505_gi26989228  [ANNO] gaf domain/ggdef domain protein
2853646  PP2506_gi26989229  [ANNO] hypothetical protein
2854231  PP2507_gi26989230  [ANNO] oxidoreductase short-chain dehydrogenase/reductase family
2856131  PP2508_gi26989231  [ANNO] hypothetical protein
2856728  PP2509_gi26989232  gi|56692976|ref|YP_164331.1|, TAG = PHAGE_pseudo_F116, E-VALUE = 6e-08
                            [ANNO] yedg domain protein
2858641  PP2510_gi26989233  [ANNO] hypothetical protein
2858767  PP2511_gi26989234  [ANNO] hypothetical protein
2858839  attR_4             CTGCGCAGGCAATCGA
............................................................................................................................................................................
There are 1 regions between 10 and 18 Kb and summing 16093 bp of sequence ( 0.26% of the genome)
