0	2	PP0002_gi26986747 PP0007_gi26986752
5000	3	PP0007_gi26986752 dnaN_gi26986756 gyrB_gi26986758
10000	3	dnaN_gi26986756 gyrB_gi26986758 PP0014_gi26986759
15000	1	PP0014_gi26986759
20000	0	
25000	0	
30000	1	PP0034_gi26986779
35000	1	PP0034_gi26986779
40000	0	
45000	0	
50000	0	
55000	1	PP0055_gi26986800
60000	2	PP0055_gi26986800 PP0057_gi26986802
65000	1	PP0057_gi26986802
70000	0	
75000	0	
80000	1	PP0079_gi26986824
85000	2	PP0079_gi26986824 trpI_gi26986829
90000	1	trpI_gi26986829
95000	0	
100000	0	
105000	0	
110000	0	
115000	0	
120000	1	polA_gi26986868
125000	1	polA_gi26986868
130000	1	PP0130_gi26986875
135000	1	PP0130_gi26986875
140000	0	
145000	0	
150000	0	
155000	0	
160000	1	PP0157_gi26986901
165000	1	PP0157_gi26986901
170000	0	
175000	0	
180000	0	
185000	1	PP0168_gi26986912
190000	1	PP0168_gi26986912
195000	0	
200000	0	
205000	0	
210000	0	
215000	0	
220000	0	
225000	0	
230000	1	pprA_gi26986929
235000	2	pprA_gi26986929 algP_gi26986938
240000	1	algP_gi26986938
245000	0	
250000	0	
255000	1	gabT_gi26986957
260000	2	gabT_gi26986957 PP0215_gi26986958
265000	1	PP0215_gi26986958
270000	0	
275000	0	
280000	0	
285000	0	
290000	0	
295000	0	
300000	1	PP0255_gi26986997
305000	1	PP0255_gi26986997
310000	0	
315000	0	
320000	0	
325000	2	PP0275_gi26987017 PP0276_gi26987018
330000	2	PP0275_gi26987017 PP0276_gi26987018
335000	0	
340000	0	
345000	0	
350000	0	
355000	0	
360000	0	
365000	0	
370000	0	
375000	0	
380000	1	glyA_1_gi26987064
385000	2	glyA_1_gi26987064 purU_1_gi26987069
390000	1	purU_1_gi26987069
395000	0	
400000	0	
405000	0	
410000	0	
415000	0	
420000	0	
425000	0	
430000	0	
435000	0	
440000	0	
445000	1	PP0372_gi26987114
450000	1	PP0372_gi26987114
455000	0	
460000	0	
465000	1	dnaG_gi26987130
470000	2	dnaG_gi26987130 PP0394_gi26987136
475000	1	PP0394_gi26987136
480000	1	apaH_gi26987141
485000	1	apaH_gi26987141
490000	0	
495000	0	
500000	0	
505000	0	
510000	0	
515000	1	PP0435_gi26987176
520000	1	PP0435_gi26987176
525000	0	
530000	0	
535000	0	
540000	0	
545000	0	
550000	0	
555000	0	
560000	0	
565000	1	ssb_gi26987226
570000	1	ssb_gi26987226
575000	0	
580000	0	
585000	1	PP0501_gi26987240
590000	1	PP0501_gi26987240
595000	0	
600000	0	
605000	0	
610000	0	
615000	0	
620000	1	PP0537_gi26987275
625000	1	PP0537_gi26987275
630000	0	
635000	0	
640000	0	
645000	0	
650000	0	
655000	0	
660000	0	
665000	0	
670000	0	
675000	1	PP0584_gi26987322
680000	1	PP0584_gi26987322
685000	1	PP0596_gi26987334
690000	1	PP0596_gi26987334
695000	0	
700000	0	
705000	0	
710000	0	
715000	0	
720000	0	
725000	0	
730000	0	
735000	1	PP0635_gi26987371
740000	1	PP0635_gi26987371
745000	0	
750000	0	
755000	0	
760000	1	PP0661_gi26987397
765000	1	PP0661_gi26987397
770000	0	
775000	1	glyA_2_gi26987407
780000	1	glyA_2_gi26987407
785000	0	
790000	0	
795000	1	creA_gi26987428
800000	1	creA_gi26987428
805000	1	PP0698_gi26987434
810000	1	PP0698_gi26987434
815000	0	
820000	0	
825000	0	
830000	1	prsA_gi26987458
835000	1	prsA_gi26987458
840000	0	
845000	1	prfA_gi26987469
850000	1	prfA_gi26987469
855000	0	
860000	0	
865000	1	PP0758_gi26987494
870000	1	PP0758_gi26987494
875000	0	
880000	0	
885000	0	
890000	0	
895000	0	
900000	1	ampD_gi26987525
905000	1	ampD_gi26987525
910000	0	
915000	0	
920000	0	
925000	0	
930000	0	
935000	0	
940000	1	PP0806_gi26987542
945000	1	PP0806_gi26987542
950000	0	
955000	0	
960000	0	
965000	0	
970000	0	
975000	0	
980000	0	
985000	0	
990000	0	
995000	1	PP0862_gi26987598
1000000	1	PP0862_gi26987598
1005000	0	
1010000	0	
1015000	0	
1020000	0	
1025000	0	
1030000	1	PP0899_gi26987635
1035000	1	PP0899_gi26987635
1040000	0	
1045000	0	
1050000	0	
1055000	1	PP0918_gi26987654
1060000	1	PP0918_gi26987654
1065000	1	PP0929_gi26987665
1070000	1	PP0929_gi26987665
1075000	0	
1080000	0	
1085000	0	
1090000	1	PP0957_gi26987693
1095000	1	PP0957_gi26987693
1100000	0	
1105000	2	PP0973_gi26987709 hupN_gi26987711
1110000	2	PP0973_gi26987709 hupN_gi26987711
1115000	0	
1120000	0	
1125000	0	
1130000	0	
1135000	0	
1140000	0	
1145000	0	
1150000	0	
1155000	0	
1160000	0	
1165000	2	PP1026_gi26987762 PP1028_gi26987764
1170000	3	PP1026_gi26987762 PP1028_gi26987764 guaB_gi26987767
1175000	2	guaB_gi26987767 PP1036_gi26987772
1180000	1	PP1036_gi26987772
1185000	0	
1190000	1	xcpQ_gi26987782
1195000	1	xcpQ_gi26987782
1200000	0	
1205000	0	
1210000	1	metR_1_gi26987799
1215000	1	metR_1_gi26987799
1220000	0	
1225000	0	
1230000	0	
1235000	0	
1240000	1	PP1089_gi26987825
1245000	1	PP1089_gi26987825
1250000	1	dcd_gi26987836
1255000	1	dcd_gi26987836
1260000	0	
1265000	0	
1270000	1	PP1116_gi26987852
1275000	2	PP1116_gi26987852 PP1118_gi26987854
1280000	1	PP1118_gi26987854
1285000	1	PP1131_gi26987867
1290000	1	PP1131_gi26987867
1295000	0	
1300000	0	
1305000	0	
1310000	0	
1315000	0	
1320000	0	
1325000	0	
1330000	0	
1335000	0	
1340000	1	PP1171_gi26987906
1345000	2	PP1171_gi26987906 nrdB_gi26987912
1350000	2	nrdB_gi26987912 nrdA_gi26987914
1355000	1	nrdA_gi26987914
1360000	1	PP1193_gi26987928
1365000	1	PP1193_gi26987928
1370000	0	
1375000	0	
1380000	0	
1385000	0	
1390000	1	tolA_gi26987956
1395000	3	tolA_gi26987956 PP1225_gi26987960 exsB_gi26987961
1400000	2	PP1225_gi26987960 exsB_gi26987961
1405000	0	
1410000	0	
1415000	1	PP1246_gi26987981
1420000	3	PP1246_gi26987981 PP1250_gi26987985 PP1252_gi26987987
1425000	2	PP1250_gi26987985 PP1252_gi26987987
1430000	0	
1435000	1	PP1262_gi26987997
1440000	1	PP1262_gi26987997
1445000	1	PP1272_gi26988007
1450000	1	PP1272_gi26988007
1455000	0	
1460000	0	
1465000	0	
1470000	1	PP1291_gi26988026
1475000	1	PP1291_gi26988026
1480000	0	
1485000	0	
1490000	0	
1495000	0	
1500000	0	
1505000	0	
1510000	0	
1515000	0	
1520000	0	
1525000	0	
1530000	0	
1535000	0	
1540000	0	
1545000	0	
1550000	1	purU_2_gi26988101
1555000	1	purU_2_gi26988101
1560000	0	
1565000	1	pcaT_gi26988112
1570000	1	pcaT_gi26988112
1575000	0	
1580000	2	PP1391_gi26988125 PP1393_gi26988127
1585000	2	PP1391_gi26988125 PP1393_gi26988127
1590000	1	PP1400_gi26988134
1595000	1	PP1400_gi26988134
1600000	0	
1605000	0	
1610000	0	
1615000	0	
1620000	0	
1625000	0	
1630000	0	
1635000	0	
1640000	0	
1645000	0	
1650000	1	PP1452_gi26988185
1655000	2	PP1452_gi26988185 PP1458_gi26988191
1660000	1	PP1458_gi26988191
1665000	1	xerD_gi26988201
1670000	1	xerD_gi26988201
1675000	1	recJ_gi26988210
1680000	1	recJ_gi26988210
1685000	0	
1690000	0	
1695000	0	
1700000	0	
1705000	0	
1710000	0	
1715000	0	
1720000	0	
1725000	0	
1730000	2	PP1532_gi26988264 PP1533_gi26988265
1735000	5	PP1532_gi26988264 PP1533_gi26988265 PP1535_gi26988267 PP1538_gi26988270 PP1541_gi26988273
1740000	4	PP1535_gi26988267 PP1538_gi26988270 PP1541_gi26988273 PP1548_gi26988280
1745000	8	PP1548_gi26988280 PP1549_gi26988281 PP1550_gi26988282 PP1551_gi26988283 PP1552_gi26988284 PP1553_gi26988285 PP1554_gi26988286 PP1555_gi26988287
1750000	13	PP1549_gi26988281 PP1550_gi26988282 PP1551_gi26988283 PP1552_gi26988284 PP1553_gi26988285 PP1554_gi26988286 PP1555_gi26988287 PP1559_gi26988291 PP1561_gi26988293 PP1562_gi26988294 PP1563_gi26988295 PP1564_gi26988296 PP1565_gi26988297
1755000	14	PP1559_gi26988291 PP1561_gi26988293 PP1562_gi26988294 PP1563_gi26988295 PP1564_gi26988296 PP1565_gi26988297 PP1566_gi26988298 PP1567_gi26988299 PP1569_gi26988301 PP1570_gi26988302 PP1571_gi26988303 PP1572_gi26988304 PP1573_gi26988305 PP1574_gi26988306
1760000	12	PP1566_gi26988298 PP1567_gi26988299 PP1569_gi26988301 PP1570_gi26988302 PP1571_gi26988303 PP1572_gi26988304 PP1573_gi26988305 PP1574_gi26988306 PP1576_gi26988308 PP1577_gi26988309 PP1578_gi26988310 PP1579_gi26988311
1765000	5	PP1576_gi26988308 PP1577_gi26988309 PP1578_gi26988310 PP1579_gi26988311 PP1580_gi26988312
1770000	3	PP1580_gi26988312 PP1583_gi26988315 PP1584_gi26988316
1775000	2	PP1583_gi26988315 PP1584_gi26988316
1780000	0	
1785000	0	
1790000	0	
1795000	1	dnaE_gi26988338
1800000	1	dnaE_gi26988338
1805000	1	PP1615_gi26988347
1810000	2	PP1615_gi26988347 nlpD_gi26988354
1815000	2	nlpD_gi26988354 PP1624_gi26988356
1820000	2	PP1624_gi26988356 recA_gi26988361
1825000	2	recA_gi26988361 PP1637_gi26988369
1830000	1	PP1637_gi26988369
1835000	0	
1840000	0	
1845000	0	
1850000	0	
1855000	2	purN_gi26988396 purM_gi26988397
1860000	4	purN_gi26988396 purM_gi26988397 PP1669_gi26988401 PP1670_gi26988402
1865000	2	PP1669_gi26988401 PP1670_gi26988402
1870000	0	
1875000	1	PP1688_gi26988420
1880000	1	PP1688_gi26988420
1885000	1	PP1698_gi26988430
1890000	2	PP1698_gi26988430 PP1702_gi26988434
1895000	1	PP1702_gi26988434
1900000	0	
1905000	0	
1910000	0	
1915000	0	
1920000	0	
1925000	0	
1930000	1	PP1736_gi26988467
1935000	1	PP1736_gi26988467
1940000	1	PP1746_gi26988477
1945000	1	PP1746_gi26988477
1950000	0	
1955000	0	
1960000	0	
1965000	1	gyrA_gi26988498
1970000	2	gyrA_gi26988498 rpsA_gi26988503
1975000	2	rpsA_gi26988503 ihfB_gi26988504
1980000	2	ihfB_gi26988504 PP1780_gi26988511
1985000	1	PP1780_gi26988511
1990000	1	rmlB_gi26988516
1995000	1	rmlB_gi26988516
2000000	0	
2005000	0	
2010000	0	
2015000	2	gmd_gi26988529 rmd_gi26988530
2020000	3	gmd_gi26988529 rmd_gi26988530 wbpV_gi26988533
2025000	2	wbpV_gi26988533 PP1806_gi26988536
2030000	1	PP1806_gi26988536
2035000	1	PP1819_gi26988549
2040000	2	PP1819_gi26988549 folE_1_gi26988553
2045000	1	folE_1_gi26988553
2050000	0	
2055000	0	
2060000	1	PP1846_gi26988576
2065000	1	PP1846_gi26988576
2070000	1	PP1853_gi26988583
2075000	2	PP1853_gi26988583 PP1861_gi26988591
2080000	1	PP1861_gi26988591
2085000	0	
2090000	0	
2095000	0	
2100000	0	
2105000	0	
2110000	0	
2115000	0	
2120000	0	
2125000	0	
2130000	0	
2135000	0	
2140000	0	
2145000	2	rne_gi26988635 PP1908_gi26988637
2150000	2	rne_gi26988635 PP1908_gi26988637
2155000	0	
2160000	0	
2165000	0	
2170000	0	
2175000	0	
2180000	0	
2185000	0	
2190000	1	purU_3_gi26988670
2195000	1	purU_3_gi26988670
2200000	0	
2205000	1	PP1954_gi26988681
2210000	1	PP1954_gi26988681
2215000	2	PP1960_gi26988687 PP1962_gi26988689
2220000	3	PP1960_gi26988687 PP1962_gi26988689 PP1964_gi26988691
2225000	1	PP1964_gi26988691
2230000	0	
2235000	0	
2240000	1	ibpA_gi26988708
2245000	1	ibpA_gi26988708
2250000	1	PP1993_gi26988719
2255000	1	PP1993_gi26988719
2260000	0	
2265000	0	
2270000	0	
2275000	0	
2280000	0	
2285000	0	
2290000	0	
2295000	1	sbcC_gi26988749
2300000	1	sbcC_gi26988749
2305000	0	
2310000	0	
2315000	0	
2320000	0	
2325000	0	
2330000	1	PP2054_gi26988779
2335000	1	PP2054_gi26988779
2340000	0	
2345000	0	
2350000	0	
2355000	0	
2360000	0	
2365000	0	
2370000	0	
2375000	0	
2380000	0	
2385000	0	
2390000	0	
2395000	0	
2400000	0	
2405000	0	
2410000	0	
2415000	0	
2420000	0	
2425000	1	PP2130_gi26988854
2430000	1	PP2130_gi26988854
2435000	0	
2440000	2	lexA_1_gi26988867 PP2146_gi26988870
2445000	2	lexA_1_gi26988867 PP2146_gi26988870
2450000	0	
2455000	1	PP2152_gi26988876
2460000	2	PP2152_gi26988876 PP2160_gi26988884
2465000	1	PP2160_gi26988884
2470000	2	tal_gi26988892 PP2172_gi26988896
2475000	3	tal_gi26988892 PP2172_gi26988896 PP2176_gi26988900
2480000	2	PP2176_gi26988900 PP2180_gi26988904
2485000	1	PP2180_gi26988904
2490000	0	
2495000	0	
2500000	0	
2505000	0	
2510000	1	PP2210_gi26988934
2515000	1	PP2210_gi26988934
2520000	0	
2525000	0	
2530000	0	
2535000	0	
2540000	0	
2545000	0	
2550000	0	
2555000	0	
2560000	0	
2565000	0	
2570000	0	
2575000	0	
2580000	2	PP2266_gi26988990 PP2267_gi26988991
2585000	5	PP2266_gi26988990 PP2267_gi26988991 PP2268_gi26988992 PP2269_gi26988993 PP2270_gi26988994
2590000	5	PP2268_gi26988992 PP2269_gi26988993 PP2270_gi26988994 PP2273_gi26988997 PP2276_gi26989000
2595000	6	PP2273_gi26988997 PP2276_gi26989000 PP2279_gi26989003 PP2281_gi26989005 PP2282_gi26989006 PP2283_gi26989007
2600000	7	PP2279_gi26989003 PP2281_gi26989005 PP2282_gi26989006 PP2283_gi26989007 PP2284_gi26989008 PP2285_gi26989009 PP2286_gi26989010
2605000	4	PP2284_gi26989008 PP2285_gi26989009 PP2286_gi26989010 16_gi26989011
2610000	3	16_gi26989011 PP2288_gi26989012 PP2293_gi26989017
2615000	3	PP2288_gi26989012 PP2293_gi26989017 PP2297_gi26989021
2620000	2	PP2297_gi26989021 clpP_gi26989024
2625000	2	clpP_gi26989024 hupB_gi26989027
2630000	1	hupB_gi26989027
2635000	1	PP2312_gi26989036
2640000	1	PP2312_gi26989036
2645000	0	
2650000	0	
2655000	0	
2660000	0	
2665000	0	
2670000	0	
2675000	0	
2680000	0	
2685000	0	
2690000	0	
2695000	0	
2700000	0	
2705000	0	
2710000	1	PP2377_gi26989101
2715000	1	PP2377_gi26989101
2720000	1	PP2390_gi26989114
2725000	2	PP2390_gi26989114 polB_gi26989116
2730000	1	polB_gi26989116
2735000	0	
2740000	0	
2745000	0	
2750000	2	PP2411_gi26989134 PP2412_gi26989135
2755000	2	PP2411_gi26989134 PP2412_gi26989135
2760000	0	
2765000	0	
2770000	1	PP2431_gi26989154
2775000	1	PP2431_gi26989154
2780000	0	
2785000	0	
2790000	2	PP2450_gi26989173 PP2452_gi26989175
2795000	2	PP2450_gi26989173 PP2452_gi26989175
2800000	0	
2805000	0	
2810000	1	ihfA_gi26989194
2815000	1	ihfA_gi26989194
2820000	0	
2825000	0	
2830000	0	
2835000	1	PP2495_gi26989218
2840000	4	PP2495_gi26989218 PP2496_gi26989219 PP2497_gi26989220 PP2501_gi26989224
2845000	4	PP2496_gi26989219 PP2497_gi26989220 PP2501_gi26989224 PP2502_gi26989225
2850000	3	PP2502_gi26989225 PP2509_gi26989232 folE_2_gi26989235
2855000	2	PP2509_gi26989232 folE_2_gi26989235
2860000	0	
2865000	0	
2870000	0	
2875000	1	PP2534_gi26989254
2880000	1	PP2534_gi26989254
2885000	1	PP2547_gi26989267
2890000	1	PP2547_gi26989267
2895000	1	PP2553_gi26989273
2900000	1	PP2553_gi26989273
2905000	1	PP2561_gi26989281
2910000	1	PP2561_gi26989281
2915000	0	
2920000	0	
2925000	0	
2930000	1	PP2569_gi26989289
2935000	2	PP2569_gi26989289 PP2574_gi26989294
2940000	1	PP2574_gi26989294
2945000	0	
2950000	2	PP2588_gi26989307 PP2589_gi26989308
2955000	2	PP2588_gi26989307 PP2589_gi26989308
2960000	0	
2965000	0	
2970000	0	
2975000	0	
2980000	0	
2985000	1	vgrG_1_gi26989333
2990000	1	vgrG_1_gi26989333
2995000	0	
3000000	0	
3005000	0	
3010000	0	
3015000	0	
3020000	0	
3025000	1	PP2646_gi26989365
3030000	1	PP2646_gi26989365
3035000	1	PP2656_gi26989375
3040000	1	PP2656_gi26989375
3045000	0	
3050000	0	
3055000	1	PP2673_gi26989392
3060000	1	PP2673_gi26989392
3065000	0	
3070000	0	
3075000	0	
3080000	0	
3085000	1	PP2703_gi26989422
3090000	1	PP2703_gi26989422
3095000	0	
3100000	0	
3105000	0	
3110000	0	
3115000	0	
3120000	1	PP2744_gi26989463
3125000	1	PP2744_gi26989463
3130000	0	
3135000	0	
3140000	0	
3145000	0	
3150000	0	
3155000	0	
3160000	0	
3165000	0	
3170000	0	
3175000	0	
3180000	1	PP2797_gi26989516
3185000	1	PP2797_gi26989516
3190000	0	
3195000	0	
3200000	0	
3205000	0	
3210000	0	
3215000	1	PP2825_gi26989544
3220000	1	PP2825_gi26989544
3225000	0	
3230000	0	
3235000	0	
3240000	1	PP2841_gi26989560
3245000	1	PP2841_gi26989560
3250000	0	
3255000	3	PP2856_gi26989575 PP2859_gi26989578 PP2860_gi26989579
3260000	4	PP2856_gi26989575 PP2859_gi26989578 PP2860_gi26989579 PP2865_gi26989584
3265000	1	PP2865_gi26989584
3270000	1	ampC_gi26989595
3275000	2	ampC_gi26989595 PP2884_gi26989603
3280000	1	PP2884_gi26989603
3285000	0	
3290000	0	
3295000	0	
3300000	0	
3305000	1	proP_gi26989633
3310000	1	proP_gi26989633
3315000	1	PP2919_gi26989638
3320000	1	PP2919_gi26989638
3325000	0	
3330000	0	
3335000	1	PP2937_gi26989656
3340000	2	PP2937_gi26989656 PP2941_gi26989660
3345000	1	PP2941_gi26989660
3350000	1	PP2952_gi26989671
3355000	1	PP2952_gi26989671
3360000	1	PP2961_gi26989680
3365000	1	PP2961_gi26989680
3370000	2	PP2976_gi26989695 PP2977_gi26989696
3375000	3	PP2976_gi26989695 PP2977_gi26989696 PP2981_gi26989700
3380000	1	PP2981_gi26989700
3385000	0	
3390000	0	
3395000	0	
3400000	1	PP3020_gi26989739
3405000	2	PP3020_gi26989739 PP3026_gi26989745
3410000	3	PP3026_gi26989745 PP3027_gi26989746 PP3029_gi26989748
3415000	6	PP3027_gi26989746 PP3029_gi26989748 PP3033_gi26989752 PP3034_gi26989753 PP3037_gi26989756 PP3038_gi26989757
3420000	7	PP3033_gi26989752 PP3034_gi26989753 PP3037_gi26989756 PP3038_gi26989757 PP3042_gi26989761 PP3044_gi26989763 PP3045_gi26989764
3425000	7	PP3042_gi26989761 PP3044_gi26989763 PP3045_gi26989764 PP3047_gi26989766 PP3050_gi26989769 gpV_gi26989770 gpW_gi26989772
3430000	8	PP3047_gi26989766 PP3050_gi26989769 gpV_gi26989770 gpW_gi26989772 gpJ_gi26989773 gpI_gi26989774 PP3056_gi26989775 gpFI_gi26989778
3435000	7	gpJ_gi26989773 gpI_gi26989774 PP3056_gi26989775 gpFI_gi26989778 gpFII_gi26989779 PP3062_gi26989781 gpU_gi26989782
3440000	6	gpFII_gi26989779 PP3062_gi26989781 gpU_gi26989782 gpX_gi26989783 gpD_gi26989784 PP3066_gi26989785
3445000	3	gpX_gi26989783 gpD_gi26989784 PP3066_gi26989785
3450000	0	
3455000	0	
3460000	0	
3465000	0	
3470000	0	
3475000	0	
3480000	0	
3485000	0	
3490000	1	PP3101_gi26989820
3495000	1	PP3101_gi26989820
3500000	0	
3505000	0	
3510000	0	
3515000	0	
3520000	2	lexA_2_gi26989835 PP3119_gi26989838
3525000	2	lexA_2_gi26989835 PP3119_gi26989838
3530000	0	
3535000	1	galE_gi26989848
3540000	1	galE_gi26989848
3545000	0	
3550000	0	
3555000	1	PP3143_gi26989862
3560000	1	PP3143_gi26989862
3565000	0	
3570000	0	
3575000	1	benC_gi26989882
3580000	2	benC_gi26989882 benK_gi26989884
3585000	2	benK_gi26989884 PP3170_gi26989889
3590000	2	PP3170_gi26989889 PP3172_gi26989891
3595000	2	PP3172_gi26989891 PP3176_gi26989895
3600000	2	PP3176_gi26989895 PP3181_gi26989900
3605000	1	PP3181_gi26989900
3610000	0	
3615000	0	
3620000	0	
3625000	0	
3630000	0	
3635000	1	PP3208_gi26989927
3640000	1	PP3208_gi26989927
3645000	0	
3650000	0	
3655000	0	
3660000	0	
3665000	0	
3670000	0	
3675000	0	
3680000	1	PP3255_gi26989973
3685000	1	PP3255_gi26989973
3690000	0	
3695000	1	PP3268_gi26989986
3700000	1	PP3268_gi26989986
3705000	1	phaI_gi26989992
3710000	1	phaI_gi26989992
3715000	0	
3720000	0	
3725000	0	
3730000	0	
3735000	0	
3740000	0	
3745000	0	
3750000	0	
3755000	0	
3760000	0	
3765000	0	
3770000	0	
3775000	0	
3780000	0	
3785000	0	
3790000	0	
3795000	1	PP3361_gi26990076
3800000	2	PP3361_gi26990076 PP3366_gi26990081
3805000	1	PP3366_gi26990081
3810000	0	
3815000	0	
3820000	0	
3825000	1	vgrG_2_gi26990101
3830000	1	vgrG_2_gi26990101
3835000	0	
3840000	0	
3845000	0	
3850000	0	
3855000	0	
3860000	0	
3865000	1	ltg_gi26990135
3870000	1	ltg_gi26990135
3875000	0	
3880000	0	
3885000	0	
3890000	0	
3895000	0	
3900000	0	
3905000	0	
3910000	0	
3915000	0	
3920000	0	
3925000	0	
3930000	0	
3935000	1	PP3478_gi26990190
3940000	1	PP3478_gi26990190
3945000	0	
3950000	0	
3955000	0	
3960000	0	
3965000	0	
3970000	0	
3975000	1	PP3513_gi26990225
3980000	1	PP3513_gi26990225
3985000	0	
3990000	0	
3995000	0	
4000000	0	
4005000	0	
4010000	0	
4015000	0	
4020000	0	
4025000	0	
4030000	2	PP3559_gi26990271 PP3560_gi26990272
4035000	3	PP3559_gi26990271 PP3560_gi26990272 PP3562_gi26990274
4040000	2	PP3562_gi26990274 PP3567_gi26990279
4045000	1	PP3567_gi26990279
4050000	0	
4055000	0	
4060000	0	
4065000	0	
4070000	0	
4075000	0	
4080000	0	
4085000	0	
4090000	1	PP3605_gi26990316
4095000	1	PP3605_gi26990316
4100000	0	
4105000	0	
4110000	0	
4115000	0	
4120000	1	PP3632_gi26990343
4125000	1	PP3632_gi26990343
4130000	0	
4135000	0	
4140000	1	PP3650_gi26990361
4145000	1	PP3650_gi26990361
4150000	2	PP3658_gi26990369 PP3660_gi26990371
4155000	2	PP3658_gi26990369 PP3660_gi26990371
4160000	1	PP3666_gi26990377
4165000	1	PP3666_gi26990377
4170000	0	
4175000	1	PP3678_gi26990387
4180000	1	PP3678_gi26990387
4185000	0	
4190000	1	PP3689_gi26990397
4195000	1	PP3689_gi26990397
4200000	0	
4205000	0	
4210000	0	
4215000	0	
4220000	0	
4225000	0	
4230000	1	catR_gi26990424
4235000	1	catR_gi26990424
4240000	0	
4245000	0	
4250000	0	
4255000	0	
4260000	0	
4265000	0	
4270000	0	
4275000	0	
4280000	0	
4285000	0	
4290000	1	PP3772_gi26990477
4295000	2	PP3772_gi26990477 PP3773_gi26990478
4300000	1	PP3773_gi26990478
4305000	0	
4310000	0	
4315000	1	PP3791_gi26990496
4320000	1	PP3791_gi26990496
4325000	0	
4330000	2	PP3811_gi26990516 PP3812_gi26990517
4335000	2	PP3811_gi26990516 PP3812_gi26990517
4340000	1	PP3820_gi26990525
4345000	1	PP3820_gi26990525
4350000	2	PP3831_gi26990536 PP3832_gi26990537
4355000	2	PP3831_gi26990536 PP3832_gi26990537
4360000	0	
4365000	0	
4370000	1	PP3854_gi26990559
4375000	2	PP3854_gi26990559 PP3859_gi26990564
4380000	6	PP3859_gi26990564 PP3860_gi26990565 PP3861_gi26990566 PP3862_gi26990567 PP3863_gi26990568 PP3864_gi26990569
4385000	10	PP3860_gi26990565 PP3861_gi26990566 PP3862_gi26990567 PP3863_gi26990568 PP3864_gi26990569 PP3865_gi26990570 PP3866_gi26990571 PP3867_gi26990572 PP3868_gi26990573 PP3869_gi26990574
4390000	12	PP3865_gi26990570 PP3866_gi26990571 PP3867_gi26990572 PP3868_gi26990573 PP3869_gi26990574 PP3870_gi26990575 PP3871_gi26990576 PP3873_gi26990578 PP3874_gi26990579 PP3875_gi26990580 PP3877_gi26990582 PP3878_gi26990583
4395000	13	PP3870_gi26990575 PP3871_gi26990576 PP3873_gi26990578 PP3874_gi26990579 PP3875_gi26990580 PP3877_gi26990582 PP3878_gi26990583 PP3879_gi26990584 PP3880_gi26990585 PP3881_gi26990586 PP3882_gi26990587 PP3883_gi26990588 PP3884_gi26990589
4400000	9	PP3879_gi26990584 PP3880_gi26990585 PP3881_gi26990586 PP3882_gi26990587 PP3883_gi26990588 PP3884_gi26990589 PP3889_gi26990594 PP3890_gi26990595 PP3891_gi26990596
4405000	7	PP3889_gi26990594 PP3890_gi26990595 PP3891_gi26990596 PP3893_gi26990598 PP3894_gi26990599 PP3895_gi26990600 PP3896_gi26990601
4410000	5	PP3893_gi26990598 PP3894_gi26990599 PP3895_gi26990600 PP3896_gi26990601 PP3901_gi26990606
4415000	3	PP3901_gi26990606 PP3912_gi26990617 PP3914_gi26990619
4420000	4	PP3912_gi26990617 PP3914_gi26990619 PP3920_gi26990625 PP3922_gi26990627
4425000	3	PP3920_gi26990625 PP3922_gi26990627 PP3930_gi26990635
4430000	2	PP3930_gi26990635 PP3934_gi26990639
4435000	1	PP3934_gi26990639
4440000	0	
4445000	0	
4450000	0	
4455000	1	PP3954_gi26990659
4460000	1	PP3954_gi26990659
4465000	0	
4470000	1	PP3967_gi26990672
4475000	1	PP3967_gi26990672
4480000	0	
4485000	0	
4490000	1	PP3987_gi26990692
4495000	2	PP3987_gi26990692 PP3989_gi26990694
4500000	1	PP3989_gi26990694
4505000	1	ftsK_gi26990709
4510000	1	ftsK_gi26990709
4515000	0	
4520000	0	
4525000	0	
4530000	0	
4535000	0	
4540000	0	
4545000	0	
4550000	0	
4555000	0	
4560000	0	
4565000	0	
4570000	0	
4575000	0	
4580000	0	
4585000	1	PP4068_gi26990769
4590000	1	PP4068_gi26990769
4595000	0	
4600000	0	
4605000	1	PP4085_gi26990784
4610000	1	PP4085_gi26990784
4615000	0	
4620000	1	PP4094_gi26990789
4625000	1	PP4094_gi26990789
4630000	1	PP4100_gi26990795
4635000	3	PP4100_gi26990795 PP4107_gi26990802 PP4108_gi26990803
4640000	2	PP4107_gi26990802 PP4108_gi26990803
4645000	0	
4650000	0	
4655000	0	
4660000	0	
4665000	3	PP4132_gi26990826 PP4134_gi26990828 PP4135_gi26990829
4670000	4	PP4132_gi26990826 PP4134_gi26990828 PP4135_gi26990829 rnhA_gi26990835
4675000	2	rnhA_gi26990835 mltD_gi26990838
4680000	1	mltD_gi26990838
4685000	1	PP4154_gi26990847
4690000	1	PP4154_gi26990847
4695000	0	
4700000	0	
4705000	0	
4710000	0	
4715000	0	
4720000	0	
4725000	0	
4730000	0	
4735000	0	
4740000	0	
4745000	1	PP4206_gi26990898
4750000	1	PP4206_gi26990898
4755000	0	
4760000	0	
4765000	0	
4770000	0	
4775000	0	
4780000	0	
4785000	0	
4790000	1	PP4223_gi26990915
4795000	1	PP4223_gi26990915
4800000	0	
4805000	0	
4810000	0	
4815000	0	
4820000	0	
4825000	0	
4830000	0	
4835000	0	
4840000	0	
4845000	0	
4850000	1	dnaX_gi26990960
4855000	2	dnaX_gi26990960 ligA_gi26990965
4860000	2	ligA_gi26990965 PP4276_gi26990967
4865000	1	PP4276_gi26990967
4870000	0	
4875000	0	
4880000	0	
4885000	0	
4890000	0	
4895000	0	
4900000	0	
4905000	0	
4910000	0	
4915000	0	
4920000	1	PP4334_gi26991024
4925000	1	PP4334_gi26991024
4930000	0	
4935000	0	
4940000	0	
4945000	0	
4950000	0	
4955000	0	
4960000	1	fliD_gi26991065
4965000	2	fliD_gi26991065 fliC_gi26991067
4970000	3	fliC_gi26991067 flgK_gi26991070 flgJ_gi26991071
4975000	2	flgK_gi26991070 flgJ_gi26991071
4980000	0	
4985000	0	
4990000	0	
4995000	1	PP4409_gi26991097
5000000	1	PP4409_gi26991097
5005000	3	PP4415_gi26991102 PP4419_gi26991107 PP4420_gi26991108
5010000	3	PP4415_gi26991102 PP4419_gi26991107 PP4420_gi26991108
5015000	0	
5020000	1	PP4433_gi26991121
5025000	1	PP4433_gi26991121
5030000	1	PP4445_gi26991131
5035000	2	PP4445_gi26991131 PP4446_gi26991132
5040000	1	PP4446_gi26991132
5045000	0	
5050000	0	
5055000	1	PP4461_gi26991147
5060000	1	PP4461_gi26991147
5065000	1	PP4467_gi26991153
5070000	1	PP4467_gi26991153
5075000	1	csrA_gi26991158
5080000	1	csrA_gi26991158
5085000	1	argD_gi26991167
5090000	1	argD_gi26991167
5095000	0	
5100000	1	PP4494_gi26991180
5105000	1	PP4494_gi26991180
5110000	0	
5115000	0	
5120000	0	
5125000	0	
5130000	3	PP4521_gi26991206 PP4522_gi26991207 PP4524_gi26991209
5135000	4	PP4521_gi26991206 PP4522_gi26991207 PP4524_gi26991209 PP4525_gi26991210
5140000	1	PP4525_gi26991210
5145000	0	
5150000	0	
5155000	0	
5160000	0	
5165000	0	
5170000	0	
5175000	0	
5180000	0	
5185000	0	
5190000	1	PP4578_gi26991262
5195000	1	PP4578_gi26991262
5200000	0	
5205000	0	
5210000	0	
5215000	0	
5220000	0	
5225000	0	
5230000	0	
5235000	0	
5240000	0	
5245000	1	PP4627_gi26991311
5250000	1	PP4627_gi26991311
5255000	0	
5260000	0	
5265000	0	
5270000	0	
5275000	1	PP4658_gi26991342
5280000	2	PP4658_gi26991342 PP4660_gi26991344
5285000	1	PP4660_gi26991344
5290000	0	
5295000	1	recD_gi26991356
5300000	1	recD_gi26991356
5305000	0	
5310000	0	
5315000	0	
5320000	0	
5325000	0	
5330000	1	pcnB_gi26991381
5335000	1	pcnB_gi26991381
5340000	0	
5345000	0	
5350000	1	infB_gi26991395
5355000	1	infB_gi26991395
5360000	1	ftsH_gi26991401
5365000	1	ftsH_gi26991401
5370000	0	
5375000	0	
5380000	0	
5385000	1	hsdR_gi26991423
5390000	1	hsdR_gi26991423
5395000	0	
5400000	0	
5405000	0	
5410000	0	
5415000	0	
5420000	0	
5425000	0	
5430000	0	
5435000	0	
5440000	1	PP4787_gi26991467
5445000	1	PP4787_gi26991467
5450000	0	
5455000	0	
5460000	1	PP4804_gi26991484
5465000	1	PP4804_gi26991484
5470000	0	
5475000	1	purH_gi26991502
5480000	1	purH_gi26991502
5485000	0	
5490000	0	
5495000	1	PP4834_gi26991514
5500000	1	PP4834_gi26991514
5505000	0	
5510000	0	
5515000	0	
5520000	0	
5525000	0	
5530000	0	
5535000	1	dnaB_gi26991553
5540000	1	dnaB_gi26991553
5545000	0	
5550000	2	PP4888_gi26991566 purA_gi26991567
5555000	3	PP4888_gi26991566 purA_gi26991567 hflC_gi26991569
5560000	2	hflC_gi26991569 PP4897_gi26991575
5565000	1	PP4897_gi26991575
5570000	0	
5575000	0	
5580000	2	parC_gi26991590 parE_gi26991593
5585000	2	parC_gi26991590 parE_gi26991593
5590000	0	
5595000	1	PP4924_gi26991602
5600000	1	PP4924_gi26991602
5605000	1	PP4929_gi26991607
5610000	2	PP4929_gi26991607 PP4934_gi26991612
5615000	1	PP4934_gi26991612
5620000	1	PP4944_gi26991622
5625000	2	PP4944_gi26991622 putP_gi26991624
5630000	1	putP_gi26991624
5635000	0	
5640000	0	
5645000	0	
5650000	0	
5655000	1	PP4968_gi26991646
5660000	1	PP4968_gi26991646
5665000	0	
5670000	0	
5675000	0	
5680000	1	pilJ_gi26991666
5685000	1	pilJ_gi26991666
5690000	0	
5695000	0	
5700000	1	PP5007_gi26991684
5705000	1	PP5007_gi26991684
5710000	1	PP5020_gi26991696
5715000	1	PP5020_gi26991696
5720000	0	
5725000	0	
5730000	0	
5735000	0	
5740000	0	
5745000	0	
5750000	0	
5755000	1	PP5057_gi26991733
5760000	1	PP5057_gi26991733
5765000	0	
5770000	0	
5775000	1	PP5067_gi26991743
5780000	3	PP5067_gi26991743 PP5070_gi26991746 PP5071_gi26991747
5785000	3	PP5070_gi26991746 PP5071_gi26991747 PP5073_gi26991749
5790000	2	PP5073_gi26991749 PP5077_gi26991753
5795000	2	PP5077_gi26991753 pilQ_gi26991756
5800000	1	pilQ_gi26991756
5805000	1	PP5086_gi26991762
5810000	3	PP5086_gi26991762 PP5091_gi26991767 PP5092_gi26991768
5815000	2	PP5091_gi26991767 PP5092_gi26991768
5820000	0	
5825000	1	ftsY_gi26991787
5830000	1	ftsY_gi26991787
5835000	0	
5840000	0	
5845000	1	PP5129_gi26991805
5850000	2	PP5129_gi26991805 folA_gi26991808
5855000	1	folA_gi26991808
5860000	1	thyA_gi26991817
5865000	1	thyA_gi26991817
5870000	0	
5875000	0	
5880000	0	
5885000	0	
5890000	0	
5895000	0	
5900000	0	
5905000	1	PP5182_gi26991858
5910000	1	PP5182_gi26991858
5915000	0	
5920000	0	
5925000	0	
5930000	0	
5935000	0	
5940000	2	PP5212_gi26991888 trx_2_gi26991891
5945000	2	PP5212_gi26991888 trx_2_gi26991891
5950000	0	
5955000	1	xerC_gi26991906
5960000	1	xerC_gi26991906
5965000	0	
5970000	0	
5975000	0	
5980000	0	
5985000	0	
5990000	0	
5995000	1	PP5259_gi26991935
6000000	2	PP5259_gi26991935 PP5261_gi26991937
6005000	1	PP5261_gi26991937
6010000	0	
6015000	0	
6020000	0	
6025000	2	coaBC_gi26991961 dut_gi26991962
6030000	2	coaBC_gi26991961 dut_gi26991962
6035000	0	
6040000	2	PP5300_gi26991976 spoT_gi26991978
6045000	2	PP5300_gi26991976 spoT_gi26991978
6050000	0	
6055000	1	hupA_gi26991989
6060000	2	hupA_gi26991989 PP5323_gi26991999
6065000	1	PP5323_gi26991999
6070000	1	PP5330_gi26992006
6075000	1	PP5330_gi26992006
6080000	0	
6085000	0	
6090000	1	PP5348_gi26992024
6095000	1	PP5348_gi26992024
6100000	0	
6105000	0	
6110000	0	
6115000	0	
6120000	1	PP5375_gi26992051
6125000	1	PP5375_gi26992051
6130000	0	
6135000	0	
6140000	0	
6145000	0	
6150000	0	
6155000	1	PP5402_gi26992077
6160000	1	PP5402_gi26992077
6165000	0	
6170000	0	
6175000	0	
6180000	0	
