#Major Capsid
gi294663764-GU815091
gi308097707-HM368260
gi9632597-NC_000866
gi9632869-NC_000867
gi9632900-NC_000871
gi9632943-NC_000872
gi9633043-NC_000896
gi9633449-NC_000902
gi9632520-NC_000924
gi9633525-NC_000929
gi9633571-NC_000935
gi9634035-NC_001271
gi9634060-NC_001317
gi9625370-NC_001331
gi9625389-NC_001332
gi9625447-NC_001335
gi9625544-NC_001338
gi19263455-NC_001338
gi17975746-NC_001396
gi17975747-NC_001396
gi9626251-NC_001416
gi9626361-NC_001421
gi9626381-NC_001422
gi9626396-NC_001423
gi9627469-NC_001604
gi9627921-NC_001629
gi9628622-NC_001697
gi9628687-NC_001706
gi9629533-NC_001825
gi9629659-NC_001835
gi9630179-NC_001884
gi9630331-NC_001895
gi9630400-NC_001900
gi9630472-NC_001901
gi9630538-NC_001902
gi9630572-NC_001909
gi9630751-NC_001954
gi9631145-NC_001978
gi9626239-NC_002014
gi9632424-NC_002072
gi9634124-NC_002166
gi9634158-NC_002167
gi9634653-NC_002185
gi9635015-NC_002214
gi9635171-NC_002321
gi9635470-NC_002362
gi9635481-NC_002363
gi9635538-NC_002371
gi9635591-NC_002484
gi9635719-NC_002486
gi11863105-NC_002628
gi12248115-NC_002649
gi12657868-NC_002656
gi12719433-NC_002661
gi13095724-NC_002666
gi13095788-NC_002667
gi13095848-NC_002668
gi13487836-NC_002703
gi13487838-NC_002703
gi13559869-NC_002730
gi13786567-NC_002747
gi14251132-NC_002796
gi15088777-NC_003050
gi15320618-NC_003085
gi16271809-NC_003157
gi16798789-NC_003216
gi17313222-NC_003278
gi17426223-NC_003287
gi17426272-NC_003288
gi17488508-NC_003291
gi17570826-NC_003298
gi17975167-NC_003309
gi17975156-NC_003311
gi17975128-NC_003313
gi17981832-NC_003315
gi18071229-NC_003324
gi18138491-NC_003345
gi18138492-NC_003345
gi18249904-NC_003356
gi18496895-NC_003387
gi18640506-NC_003390
gi19548995-NC_003444
gi19718354-NC_003460
gi20065969-NC_003524
gi20065804-NC_003525
gi21234404-NC_003907
gi21716114-NC_004066
gi22091115-NC_004084
gi22296527-NC_004112
gi22855155-NC_004165
gi22855068-NC_004166
gi22855000-NC_004167
gi23455750-NC_004302
gi23455878-NC_004303
gi23455804-NC_004305
gi23455838-NC_004306
gi23505451-NC_004313
gi23752323-NC_004333
gi24371587-NC_004348
gi27311193-NC_004456
gi27476049-NC_004466
gi28876178-NC_004584
gi28876225-NC_004585
gi28876283-NC_004586
gi28876339-NC_004587
gi28876404-NC_004588
gi28876459-NC_004589
gi29028597-NC_004615
gi29028650-NC_004616
gi29028700-NC_004617
gi29135056-NC_004629
gi29366756-NC_004664
gi29366729-NC_004665
gi29565740-NC_004678
gi29565763-NC_004679
gi29565772-NC_004680
gi29565891-NC_004681
gi29566035-NC_004682
gi29566114-NC_004683
gi29566208-NC_004684
gi29566325-NC_004685
gi29566414-NC_004686
gi29566605-NC_004687
gi29566752-NC_004688
gi29566996-NC_004689
gi30044131-NC_004735
gi30039747-NC_004736
gi30043951-NC_004740
gi30065708-NC_004745
gi30089896-NC_004746
gi30387386-NC_004775
gi30387487-NC_004777
gi31072024-NC_004814
gi31415788-NC_004820
gi31415852-NC_004821
gi31544033-NC_004827
gi31711674-NC_004831
gi32128421-NC_004902
gi302861126-NC_004913
gi32170841-NC_004913
gi302393085-NC_004914
gi32171009-NC_004914
gi32453913-NC_004927
gi32453671-NC_004928
gi32469471-NC_004996
gi33300843-NC_005045
gi33438901-NC_005056
gi33620668-NC_005066
gi33770513-NC_005069
gi34419596-NC_005083
gi34610166-NC_005091
gi37595895-NC_005131
gi37651642-NC_005135
gi38229147-NC_005178
gi38640293-NC_005258
gi38638415-NC_005259
gi38640157-NC_005260
gi38640361-NC_005262
gi38638620-NC_005263
gi38707816-NC_005282
gi38707895-NC_005284
gi39653721-NC_005294
gi41057357-NC_005340
gi41057663-NC_005342
gi41057283-NC_005344
gi41057254-NC_005345
gi41179318-NC_005354
gi41179245-NC_005355
gi41189521-NC_005356
gi41179378-NC_005357
gi45569510-NC_005808
gi45580761-NC_005809
gi45597421-NC_005822
gi45686311-NC_005833
gi46358700-NC_005841
gi46401680-NC_005856
gi46402092-NC_005857
gi46401878-NC_005859
gi48696433-NC_005880
gi48696944-NC_005882
gi48697513-NC_005886
gi48697198-NC_005887
gi48697264-NC_005893
gi51980163-NC_006268
gi53793597-NC_006356
gi56692607-NC_006548
gi56692923-NC_006552
gi56694908-NC_006557
gi56693157-NC_006565
gi58532919-NC_006820
gi61806429-NC_006882
gi61806007-NC_006883
gi61806310-NC_006884
gi62327101-NC_006936
gi62327253-NC_006938
gi62327316-NC_006940
gi62362222-NC_006949
gi62362381-NC_006953
gi66391768-NC_007019
gi66391271-NC_007021
gi66391963-NC_007022
gi66391678-NC_007023
gi66392060-NC_007024
gi66395193-NC_007046
gi66395226-NC_007047
gi66395304-NC_007048
gi66395381-NC_007049
gi66394880-NC_007050
gi66395459-NC_007051
gi66395517-NC_007052
gi66395599-NC_007053
gi66395666-NC_007054
gi66395742-NC_007055
gi66395822-NC_007056
gi66395898-NC_007057
gi66395978-NC_007058
gi66396054-NC_007059
gi66396126-NC_007060
gi66396203-NC_007061
gi66396278-NC_007062
gi66396348-NC_007063
gi66396420-NC_007064
gi66394683-NC_007065
gi66394965-NC_007066
gi72537718-NC_007145
gi68299740-NC_007149
gi71834113-NC_007291
gi77121706-NC_007449
gi77122183-NC_007450
gi77122871-NC_007451
gi77123544-NC_007452
gi77124039-NC_007453
gi77118198-NC_007456
gi77020198-NC_007457
gi77020144-NC_007458
gi77864702-NC_007497
gi78000028-NC_007501
gi80159852-NC_007581
gi81343953-NC_007603
gi82547622-NC_007610
gi82701011-NC_007623
gi83571757-NC_007637
gi84662600-NC_007709
gi84662661-NC_007710
gi85701384-NC_007734
gi89152431-NC_007804
gi148912838-NC_007806
gi149408246-NC_007809
gi149408337-NC_007810
gi89152484-NC_007814
gi89885994-NC_007902
gi90592716-NC_007917
gi90592614-NC_007924
gi93007444-NC_007967
gi108862016-NC_008152
gi109302917-NC_008193
gi109302766-NC_008194
gi109392365-NC_008195
gi109392192-NC_008196
gi109391858-NC_008197
gi109522793-NC_008198
gi109521854-NC_008199
gi109522584-NC_008200
gi109289940-NC_008201
gi109392294-NC_008202
gi109392467-NC_008203
gi109521772-NC_008204
gi109522091-NC_008205
gi109521467-NC_008206
gi109393307-NC_008207
gi109290138-NC_008208
gi110804052-NC_008265
gi113200639-NC_008296
gi115304216-NC_008363
gi115304291-NC_008364
gi115304375-NC_008367
gi115315579-NC_008370
gi115315634-NC_008371
gi115334630-NC_008376
gi116222008-NC_008464
gi116326395-NC_008515
gi118430767-NC_008583
gi118197693-NC_008584
gi118725095-NC_008617
gi119443693-NC_008689
gi119637776-NC_008694
gi119757038-NC_008695
gi119953658-NC_008717
gi119952248-NC_008720
gi119953785-NC_008721
gi119953686-NC_008722
gi119967839-NC_008723
gi122891761-NC_008798
gi122891830-NC_008799
gi125999997-NC_009014
gi126011051-NC_009015
gi126010917-NC_009016
gi126011098-NC_009018
gi134287342-NC_009231
gi134288598-NC_009232
gi134288740-NC_009234
gi134288639-NC_009235
gi134288735-NC_009236
gi134288798-NC_009237
gi145708082-NC_009382
gi146329919-NC_009447
gi148609387-NC_009514
gi148717889-NC_009526
gi148724482-NC_009531
gi148734505-NC_009540
gi148727088-NC_009541
gi148727153-NC_009542
gi148727187-NC_009543
gi148747831-NC_009551
gi148747732-NC_009552
gi148750840-NC_009554
gi149882911-NC_009604
gi151266299-NC_009643
gi155042936-NC_009737
gi156564106-NC_009760
gi156603927-NC_009761
gi156603997-NC_009762
gi156604057-NC_009763
gi157168379-NC_009799
gi157265383-NC_009803
gi157265500-NC_009804
gi157324966-NC_009810
gi157325041-NC_009811
gi157325222-NC_009812
gi157325290-NC_009813
gi157325371-NC_009814
gi157325479-NC_009815
gi157310938-NC_009816
gi157835004-NC_009818
gi157311167-NC_009819
gi157311195-NC_009820
gi157311463-NC_009821
gi157738605-NC_009875
gi157786408-NC_009877
gi157786490-NC_009878
gi158079312-NC_009904
gi158345059-NC_009935
gi158345177-NC_009936
gi160700607-NC_009990
gi160700658-NC_009993
gi161622607-NC_010105
gi161617968-NC_010106
gi162135138-NC_010116
gi162290152-NC_010147
gi162329392-NC_010152
gi162329393-NC_010152
gi162329452-NC_010153
gi162329453-NC_010153
gi162329512-NC_010154
gi162329513-NC_010154
gi162329322-NC_010155
gi162329323-NC_010155
gi163932186-NC_010179
gi170783665-NC_010237
gi165970258-NC_010275
gi167583566-NC_010324
gi167600435-NC_010325
gi167600478-NC_010326
gi167832350-NC_010342
gi168229283-NC_010353
gi168495136-NC_010355
gi168983497-NC_010363
gi169257188-NC_010391
gi169257230-NC_010392
gi169257302-NC_010393
gi169936046-NC_010463
gi170676293-NC_010495
gi171473680-NC_010537
gi171473681-NC_010537
gi182637487-NC_010576
gi182682959-NC_010583
gi189043094-NC_010762
gi189043169-NC_010763
gi189427232-NC_010807
gi189427169-NC_010808
gi189426912-NC_010811
gi189490355-NC_010821
gi190151452-NC_010945
gi192824012-NC_011019
gi192823917-NC_011020
gi192824101-NC_011021
gi192823829-NC_011022
gi192824194-NC_011023
gi194100498-NC_011038
gi194100628-NC_011039
gi194100288-NC_011040
gi194172919-NC_011041
gi194100342-NC_011042
gi194100450-NC_011043
gi194100524-NC_011044
gi194100397-NC_011045
gi194097526-NC_011046
gi194186881-NC_011048
gi194302954-NC_011054 
gi194303307-NC_011055
gi194303066-NC_011056
gi194303210-NC_011057
gi194473833-NC_011085
gi195546535-NC_011103
gi195661206-NC_011104
gi195546677-NC_011105
gi195546739-NC_011107
gi195982551-NC_011132
gi197085641-NC_011142
gi197261350-NC_011165
gi197261442-NC_011166
gi197261563-NC_011167
gi197935885-NC_011201
gi198449293-NC_011216
gi203463374-NC_011267
gi203458968-NC_011269
gi203460614-NC_011270
gi204305751-NC_011271
gi203457443-NC_011272
gi203454694-NC_011273
gi206600302-NC_011284
gi206599811-NC_011285
gi206599635-NC_011286
gi206600085-NC_011287
gi206599886-NC_011288
gi206600188-NC_011289
gi206599721-NC_011290
gi206599551-NC_011291
gi206600003-NC_011292
gi207270780-NC_011308
gi208429869-NC_011318
gi209363590-NC_011344
gi209427776-NC_011356
gi209447181-NC_011357
gi209552422-NC_011373
gi209901244-NC_011398
gi209972902-NC_011421
gi211956463-NC_011523
gi212671413-NC_011534
gi212499724-NC_011551
gi213163906-NC_011589
gi215479957-NC_011611
gi215401149-NC_011612
gi215480009-NC_011613
gi215401212-NC_011614
gi216905972-NC_011645
gi218148564-NC_011703
gi218457826-NC_011756
gi219563201-NC_011801
gi219681246-NC_011802
gi219523893-NC_011810
gi219681311-NC_011811
gi221328623-NC_011976
gi222435684-NC_012027
gi225220106-NC_012223
gi225626359-NC_012418
gi225626393-NC_012419
gi226377739-NC_012530
gi228861107-NC_012635
gi228861487-NC_012638
gi229604953-NC_012662
gi229605032-NC_012663
gi237651523-NC_012696
gi237651606-NC_012697
gi238695043-NC_012740
gi238695325-NC_012741
gi238695593-NC_012742
gi238801666-NC_012743
gi238801797-NC_012749
gi238801899-NC_012753
gi238821353-NC_012756
gi238821376-NC_012757
gi239507402-NC_012784
gi239590018-NC_012788
gi242345577-NC_012884
gi254729492-NC_013021
gi255033737-NC_013055
gi255252687-NC_013059
gi255929027-NC_013085
gi257136406-NC_013195
gi270281816-NC_013587
gi270281817-NC_013587
gi281199678-NC_013594
gi273809565-NC_013597
gi273809734-NC_013598
gi273810453-NC_013599
gi273810563-NC_013600
gi281306689-NC_013638
gi281416532-NC_013643
gi281416473-NC_013644
gi281416391-NC_013645
gi281416368-NC_013646
gi281416308-NC_013647
gi281416261-NC_013648
gi282554619-NC_013649
gi281416031-NC_013650
gi281416203-NC_013651
gi282599471-NC_013691
gi282598924-NC_013692
gi282599333-NC_013693
gi282598621-NC_013694
gi282598750-NC_013696
gi282598976-NC_013697
gi282598787-NC_013698
gi291084865-NC_013936
gi294661606-NC_014036
gi298103492-NC_014229
gi299779120-NC_014260
gi304360674-NC_014457
gi304360770-NC_014458
gi304360865-NC_014459
gi304443243-NC_014460
gi304360957-NC_014461
gi304373769-NC_014467
gi308814537-NC_014595
gi310722299-NC_014635
gi310722485-NC_014636
gi311992678-NC_014660
gi311992934-NC_014661
gi311993169-NC_014662
gi311993457-NC_014663
gi314121751-NC_014792
gi318065953-NC_014900
gi318065798-NC_014901
gi325171089-NC_015157
gi325171215-NC_015158
gi325171311-NC_015159
gi326424992-NC_015208
gi326425039-NC_015210
gi326536134-NC_015249
gi326536318-NC_015250
gi326536488-NC_015251
gi326536852-NC_015262
gi326536939-NC_015264
gi326633030-NC_015269
gi326633072-NC_015271
gi326781873-NC_015279
gi326782144-NC_015280
gi326782390-NC_015281
gi326782604-NC_015282
gi326782870-NC_015283
gi326783094-NC_015284
gi326783323-NC_015285
gi326783543-NC_015286
gi326783807-NC_015287
gi326784102-NC_015288
gi326784317-NC_015289
gi326784554-NC_015290
gi326804395-NC_015294
gi326804652-NC_015296
SPO1_77-FJ230960