#EXCLUDE
AFO70730.1-JX194239
AJA42222.1-KP027447
AJA42348.1-KP027447
BAO09266.1-AB853330
BAO09267.1-AB853330
BAO09481.1-AB853331
BAO09482.1-AB853331
BAO47139.1-AB903967
BAO47140.1-AB903967
BAO47175.1-AB903967
KPP56652_23-MF695815
ORF00001-vB_LliZ_VAR10_LE1
ORF00002-vB_LliZ_VAR10_LE1
ORF00003-vB_LliZ_VAR10_LE1
ORF00004-vB_LliZ_VAR10_LE1
ORF00005-vB_LliZ_VAR10_LE1
ORF00006-vB_LliZ_VAR10_LE1
ORF00007-vB_LliZ_VAR10_LE1
ORF00008-vB_LliZ_VAR10_LE1
ORF00009-vB_LliZ_VAR10_LE1
ORF00010-vB_LliZ_VAR10_LE1
ORF00011-vB_LliZ_VAR10_LE1
ORF00012-vB_LliZ_VAR10_LE1
ORF00013-vB_LliZ_VAR10_LE1
ORF00014-vB_LliZ_VAR10_LE1
ORF00015-vB_LliZ_VAR10_LE1
Remus_014-JX846612
Remus_179-JX846612
Romulus_014-JX846613
Romulus_179-JX846613
SAP1_045-KX532239
SAP1_087-KX532239
SEP1_056-KF021268
SEP1_064-KF021268
SPbetalike_00061-KT429160
SPbetalike_00062-KT429160
SPbetalike_00063-KT429160
SPbetalike_00146-KT429160
SPbetalike_00148-KT429160
SPbetalike_00149-KT429160
SPbetalike_00152-KT429160
SPbetalike_00153-KT429160
SPbetalike_00156-KT429160
Stau2_21-KP881332
Stau2_29-KP881332
Stau2_82-KP881332
gi108862012-NC_008152
gi109289993-NC_008208
gi109302782-NC_008194
gi109522632-NC_008200
gi110804057-NC_008265
gi113200632-NC_008296
gi115304277-NC_008364
gi115334652-NC_008376
gi116326225-NC_008515
gi11863097-NC_002628
gi12657887-NC_002656
gi13095675-NC_002670
gi13095918-NC_002671
gi134288835-NC_009237
gi148747759-NC_009552
gi148747783-NC_009552
gi148750862-NC_009554
gi149882854-NC_009603
gi149882858-NC_009603
gi149882917-NC_009604
gi156564019-NC_009760
gi156564049-NC_009760
gi156564053-NC_009760
gi156564204-NC_009760
gi157325015-NC_009810
gi157325070-NC_009811
gi157325071-NC_009811
gi157325072-NC_009811
gi157325073-NC_009811
gi157325074-NC_009811
gi157325075-NC_009811
gi157325076-NC_009811
gi157325077-NC_009811
gi157325078-NC_009811
gi157325079-NC_009811
gi157325081-NC_009811
gi157325173-NC_009811
gi157325275-NC_009812
gi157325470-NC_009815
gi157325471-NC_009815
gi157325472-NC_009815
gi157325473-NC_009815
gi157325474-NC_009815
gi157325475-NC_009815
gi157325476-NC_009815
gi157325477-NC_009815
gi157325478-NC_009815
gi16271801-NC_003157
gi16753094-NC_003214
gi17975200-NC_003309
gi17975201-NC_003309
gi18071214-NC_003324
gi18138464-NC_003345
gi18138465-NC_003345
gi19549012-NC_003444
gi20065911-NC_003525
gi20514680-NC_003793
gi21716074-NC_004066
gi219681193-NC_011802
gi22091150-NC_004084
gi221328638-NC_011976
gi24371536-NC_004348
gi29134940-NC_004629
gi29135222-NC_004629
gi29135241-NC_004629
gi29135242-NC_004629
gi29565906-NC_004681
gi29565993-NC_004681
gi29566080-NC_004682
gi29566380-NC_004685
gi29566673-NC_004687
gi29566685-NC_004687
gi29566753-NC_004688
gi29566938-NC_004688
gi30043988-NC_004740
gi30044048-NC_004735
gi30044094-NC_004735
gi31415778-NC_004820
gi31415865-NC_004821
gi318065903-NC_014900
gi32171152-NC_004914
gi32453488-NC_004928
gi32453746-NC_004928
gi326781936-NC_015279
gi326781937-NC_015279
gi326783911-NC_015287
gi33620459-NC_005066
gi33620590-NC_005066
gi33620619-NC_005066
gi33620647-NC_005066
gi33620672-NC_005066
gi33620688-NC_005066
gi34419247-NC_005083
gi34419250-NC_005083
gi34419280-NC_005083
gi34419356-NC_005083
gi34419359-NC_005083
gi34419510-NC_005083
gi34419511-NC_005083
gi34419512-NC_005083
gi34419516-NC_005083
gi34419521-NC_005083
gi34419526-NC_005083
gi37651518-NC_005135
gi37651520-NC_005135
gi38638625-NC_005263
gi38639928-NC_005260
gi38639963-NC_005260
gi38639964-NC_005260
gi38639970-NC_005260
gi38639972-NC_005260
gi38640269-NC_005260
gi38640273-NC_005260
gi38640338-NC_005262
gi38707787-NC_005282
gi38707884-NC_005282
gi40807292-NC_001978
gi41057269-NC_005345
gi41057668-NC_005342
gi41179263-NC_005355
gi41179337-NC_005354
gi41179396-NC_005357
gi46358650-NC_005841
gi46401723-NC_005856
gi46401852-NC_005859
gi46402109-NC_005857
gi48696447-NC_005880
gi48696462-NC_005880
gi48696479-NC_005880
gi48696496-NC_005880
gi56693115-NC_006565
gi61806033-NC_006883
gi61806071-NC_006883
gi61806128-NC_006883
gi61806129-NC_006883
gi61806131-NC_006883
gi61806141-NC_006883
gi61806168-NC_006883
gi66391264-NC_007021
gi66391274-NC_007021
gi66391283-NC_007021
gi66391455-NC_007023
gi66391811-NC_007022
gi66391842-NC_007022
gi66394953-NC_007066
gi66394958-NC_007066
gi66394970-NC_007066
gi66394980-NC_007066
gi75750456-NC_007409
gi77020174-NC_007458
gi77020211-NC_007457
gi80159785-NC_007581
gi80159786-NC_007581
gi80159862-NC_007581
gi82547663-NC_007610
gi82547740-NC_007610
gi83571752-NC_007637
gi89885982-NC_007902
gi9626114-NC_001365
gi9626321-NC_001418
gi9630134-NC_001884
gi9630137-NC_001884
gi9630142-NC_001884
gi9630145-NC_001884
gi9630146-NC_001884
gi9630148-NC_001884
gi9630157-NC_001884
gi9630187-NC_001884
gi9630242-NC_001884
gi9630243-NC_001884
gi9630258-NC_001884
gi9630286-NC_001884
gi9630287-NC_001884
gi9630297-NC_001884
gi9630445-NC_001900
gi9630490-NC_001901
gi9630492-NC_001901
gi9630530-NC_001902
gi9630756-NC_001954
gi9632631-NC_000866
gi9632656-NC_000866
gi9632675-NC_000866
gi9632790-NC_000866
gi9632793-NC_000866
gi9632802-NC_000866
gi9632803-NC_000866
gi9633020-NC_000896
gi9633052-NC_000896
gi9634093-NC_001317
gi9634149-NC_002166
gi9635491-NC_002371
gi9635644-NC_002484
gi9635722-NC_002486
gi9635740-NC_002486
gi9910044-NC_002515
gi9964615-NC_002519
qdsa001_106-KY779848
qdsa001_132-KY779848
gi273809566-NC_013597
gi189490476-NC_010821
gi37651649-NC_005135
gi66391970-NC_007022
gi310722293-NC_014635
gi56693170-NC_006565
gi226377695-NC_012530
gi90592680-NC_007917
gi66391812-NC_007022
gi148912865-NC_007806
gi226377693-NC_012530
gi209427798-NC_011356
gi134287407-NC_009231
gi90592698-NC_007917