#RBP
gi9632630-NC_000866
gi9632629-NC_000866
gi9632586-NC_000866
gi9632908-NC_000871
gi9632952-NC_000872
gi9633454-NC_000902
gi9632525-NC_000924
gi9633540-NC_000929
gi9633583-NC_000935
gi9634043-NC_001271
gi9634074-NC_001317
gi9625364-NC_001330
gi9625365-NC_001330
gi9625392-NC_001333
gi9626264-NC_001416
gi9626266-NC_001416
gi9626268-NC_001416
gi9626312-NC_001417
gi9626353-NC_001421
gi9626383-NC_001422
gi9626382-NC_001422
gi9626401-NC_001423
gi9626424-NC_001424
gi9626423-NC_001424
gi9626426-NC_001426
gi9627477-NC_001604
gi9627905-NC_001628
gi9628637-NC_001697
gi9628697-NC_001706
gi9628930-NC_001730
gi9628931-NC_001730
gi9629671-NC_001835
gi9630166-NC_001884
gi9630318-NC_001890
gi9630346-NC_001895
gi9630485-NC_001901
gi9630578-NC_001909
gi9630586-NC_001909
gi9631158-NC_001978
gi9632434-NC_002072
gi9634142-NC_002166
gi9634161-NC_002167
gi9634179-NC_002167
gi9634662-NC_002185
gi9634665-NC_002185
gi9635029-NC_002214
gi9635143-NC_002250
gi9635551-NC_002371
gi9910044-NC_002515
gi12248119-NC_002649
gi12248116-NC_002649
gi12657858-NC_002656
gi12719446-NC_002661
gi13095735-NC_002666
gi13095800-NC_002667
gi13095797-NC_002667
gi13095858-NC_002668
gi28173058-NC_002700
gi13487852-NC_002703
gi13559880-NC_002730
gi13786580-NC_002747
gi14251142-NC_002796
gi15088788-NC_003050
gi16798803-NC_003216
gi17313239-NC_003278
gi17426284-NC_003288
gi17570833-NC_003298
gi17975182-NC_003309
gi17981847-NC_003315
gi18249918-NC_003356
gi18640526-NC_003390
gi20065816-NC_003525
gi20330572-NC_003716
gi21716125-NC_004066
gi22296536-NC_004112
gi22855160-NC_004165
gi22855157-NC_004165
gi111146923-NC_004166
gi22855015-NC_004167
gi22855014-NC_004167
gi22855002-NC_004167
gi23455714-NC_004301
gi23455764-NC_004302
gi23455889-NC_004303
gi23455892-NC_004303
gi23505468-NC_004313
gi24371597-NC_004348
gi28876189-NC_004584
gi29028608-NC_004615
gi29028661-NC_004616
gi29028710-NC_004617
gi29135069-NC_004629
gi29135082-NC_004629
gi29135068-NC_004629
gi29366768-NC_004664
gi29366736-NC_004665
gi29565737-NC_004678
gi29565757-NC_004679
gi29565760-NC_004679
gi29566025-NC_004682
gi30065722-NC_004745
gi30089906-NC_004746
gi30387399-NC_004775
gi30387495-NC_004777
gi31072020-NC_004814
gi31415800-NC_004820
gi31415834-NC_004821
gi31415835-NC_004821
gi31544053-NC_004827
gi31711691-NC_004831
gi32170854-NC_004913
gi32171021-NC_004914
gi32469426-NC_004996
gi33438916-NC_005056
gi33620684-NC_005066
gi33770530-NC_005069
gi38640257-NC_005260
gi38707849-NC_005282
gi38707850-NC_005282
gi38707910-NC_005284
gi39653738-NC_005294
gi41057371-NC_005340
gi41057292-NC_005344
gi41179370-NC_005357
gi45569502-NC_005808
gi45580753-NC_005809
gi45597435-NC_005822
gi45597433-NC_005822
gi45686334-NC_005833
gi45686327-NC_005833
gi46358712-NC_005841
gi46401656-NC_005856
gi46402107-NC_005857
gi46401894-NC_005859
gi46401886-NC_005859
gi48696645-NC_005879
gi48696456-NC_005880
gi48696454-NC_005880
gi48696962-NC_005882
gi48697467-NC_005885
gi48697208-NC_005887
gi48697209-NC_005887
gi50282964-NC_005891
gi48697275-NC_005893
gi56694921-NC_006557
gi56693145-NC_006565
gi61805896-NC_006883
gi61805895-NC_006883
gi61806167-NC_006883
gi61805899-NC_006883
gi61806289-NC_006884
gi62327359-NC_006940
gi62327358-NC_006940
gi62362242-NC_006949
gi62327592-NC_006954
gi62327591-NC_006954
gi66391779-NC_007019
gi66391272-NC_007021
gi66392022-NC_007022
gi66391949-NC_007022
gi66391732-NC_007023
gi66395189-NC_007046
gi66395197-NC_007046
gi66395295-NC_007048
gi66395372-NC_007049
gi66394872-NC_007050
gi66395452-NC_007051
gi66395510-NC_007052
gi66395592-NC_007053
gi66395660-NC_007054
gi66395734-NC_007055
gi66395731-NC_007055
gi66395732-NC_007055
gi66395809-NC_007056
gi66395812-NC_007056
gi66395887-NC_007057
gi66395967-NC_007058
gi66396042-NC_007059
gi66396115-NC_007060
gi66396193-NC_007061
gi66396269-NC_007062
gi66394673-NC_007065
gi66394957-NC_007066
gi66394966-NC_007066
gi72537701-NC_007145
gi68299747-NC_007149
gi71834157-NC_007291
gi71834084-NC_007291
gi77121703-NC_007449
gi77122180-NC_007450
gi77122868-NC_007451
gi77123541-NC_007452
gi77124036-NC_007453
gi77118205-NC_007456
gi77020203-NC_007457
gi77020150-NC_007458
gi77864687-NC_007497
gi77999995-NC_007501
gi81343971-NC_007603
gi81343978-NC_007603
gi82547644-NC_007610
gi85701419-NC_007734
gi85701394-NC_007734
gi89152445-NC_007804
gi149408210-NC_007808
gi89152493-NC_007814
gi89888618-NC_007817
gi89888617-NC_007817
gi89888629-NC_007818
gi89888628-NC_007818
gi89888640-NC_007819
gi89888639-NC_007819
gi89888651-NC_007820
gi89888650-NC_007820
gi89888653-NC_007821
gi89888654-NC_007821
gi89888673-NC_007822
gi89888672-NC_007822
gi89903041-NC_007823
gi89903040-NC_007823
gi89888676-NC_007824
gi89888675-NC_007824
gi89888695-NC_007825
gi89888696-NC_007825
gi89888707-NC_007826
gi89888706-NC_007826
gi89888718-NC_007827
gi89888717-NC_007827
gi89888729-NC_007828
gi89888730-NC_007828
gi89888742-NC_007829
gi89888741-NC_007829
gi89888753-NC_007830
gi89888754-NC_007830
gi89888768-NC_007831
gi89888767-NC_007831
gi89888780-NC_007832
gi89888779-NC_007832
gi89888791-NC_007833
gi89888792-NC_007833
gi89888803-NC_007834
gi89888804-NC_007834
gi89888816-NC_007835
gi89888815-NC_007835
gi89888828-NC_007836
gi89888827-NC_007836
gi89888839-NC_007837
gi89888840-NC_007837
gi89888851-NC_007838
gi89888852-NC_007838
gi89888863-NC_007839
gi89888864-NC_007839
gi89888875-NC_007840
gi89888876-NC_007840
gi89888888-NC_007841
gi89888887-NC_007841
gi89888900-NC_007842
gi89888899-NC_007842
gi89888911-NC_007843
gi89888912-NC_007843
gi89888923-NC_007844
gi89888924-NC_007844
gi89888936-NC_007845
gi89888935-NC_007845
gi89888948-NC_007846
gi89888947-NC_007846
gi89903053-NC_007847
gi89903052-NC_007847
gi89888960-NC_007848
gi89888959-NC_007848
gi89888971-NC_007849
gi89888972-NC_007849
gi89888983-NC_007850
gi89888984-NC_007850
gi89888995-NC_007851
gi89888996-NC_007851
gi89889007-NC_007852
gi89889008-NC_007852
gi89889020-NC_007853
gi89889019-NC_007853
gi89889032-NC_007854
gi89889031-NC_007854
gi89889043-NC_007855
gi89889044-NC_007855
gi89888105-NC_007856
gi89888104-NC_007856
gi89888093-NC_007857
gi89888092-NC_007857
gi89886003-NC_007902
gi90592665-NC_007917
gi109289958-NC_008201
gi109290124-NC_008208
gi109290197-NC_008208
gi113195173-NC_008294
gi113200613-NC_008296
gi115304230-NC_008363
gi115304222-NC_008363
gi115304294-NC_008364
gi115315589-NC_008370
gi115315592-NC_008370
gi115315585-NC_008370
gi115315646-NC_008371
gi115334642-NC_008376
gi116222013-NC_008464
gi116326462-NC_008515
gi116326465-NC_008515
gi117530276-NC_008562
gi118430779-NC_008583
gi119637783-NC_008694
gi119952234-NC_008720
gi119953748-NC_008721
gi119953698-NC_008722
gi119967851-NC_008723
gi122891773-NC_008798
gi122891842-NC_008799
gi126011056-NC_009015
gi126010866-NC_009016
gi126011109-NC_009018
gi134287361-NC_009231
gi134288565-NC_009232
gi134288773-NC_009234
gi134288679-NC_009235
gi134288719-NC_009236
gi134288791-NC_009237
gi145708097-NC_009382
gi146329934-NC_009447
gi148717903-NC_009526
gi148734523-NC_009540
gi148727101-NC_009541
gi148747823-NC_009551
gi148747745-NC_009552
gi148750857-NC_009554
gi151266300-NC_009643
gi9626347-NC_001420
gi9626348-NC_001420
gi32453735-NC_004928
gi32453732-NC_004928
gi37651628-NC_005135
gi37651702-NC_005135
gi66396335-NC_007063
gi66396408-NC_007064
gi156604009-NC_009762
gi157168394-NC_009799
gi157324980-NC_009810
gi157324979-NC_009810
gi157325063-NC_009811
gi157325236-NC_009812
gi157325310-NC_009813
gi157325381-NC_009814
gi157325431-NC_009815
gi157310946-NC_009816
gi157311065-NC_009817
gi157311071-NC_009817
gi157311072-NC_009817
gi157311070-NC_009817
gi157311079-NC_009817
gi157311068-NC_009817
gi157311551-NC_009821
gi157738602-NC_009875
gi157738600-NC_009875
gi402760986-JX442241
gi402760965-JX442241
gi204308005-EU855793
gi17402423-AJ312240
gi387392705-JQ797329
gi394779149-JX120799
gi471216703-JX126918
gi471216848-JX126919
gi471216827-JX126919
gi471216968-JX126920
gi572724726-JX126920
LM12_0109-MG721208
LM12_0111-MG721208
phiAGO19_13-MG766219
phiAGO19_15-MG766219
phiAGO13_13-MG766218
phiAGO13_15-MG766218
AUM58349.1-MG029518
AUM58284.1-MG029517
AUM58217.1-MG029516
AUM58147.1-MG029515
AUM58146.1-MG029515
AUM58079.1-MG029514
AUM58012.1-MG029513
AUM57864.1-MG029511
AUM57747.1-MG029509
AUM57746.1-MG029509
RS_126-MF398190
RS_124-MF398190
pSco10_83_ANH50494.1-KX011028
pSco10_81_ANH50492.1-KX011028
K1/420_125-KJ206563
K1/420_127-KJ206563
812F1_125-KJ206562
812F1_127-KJ206562
K1_127-KJ206561
K1_125-KJ206561
812a_125-KJ206560
812a_127-KJ206560
812_125-KJ206559
812_127-KJ206559
vBSauS24_43-KY794643
vBSauS24_41-KY794643
vBSauClo6_43-KY794642
vBSauClo6_41-KY794642
vBSauCG_40-KY794641
vBSauCG_42-KY794641
qdsa002_137-KY779849
qdsa002_135-KY779849
qdsa001_119-KY779848
qdsa001_117-KY779848
vB_SscM_2_120-KX171213
vB_SscM_2_122-KX171213
vB_SscM_2_047-KX171213
vB_SscM_1_123-KX171212
vB_SscM_1_121-KX171212
pSa3_112-KY581279
pSa3_110-KY581279
Andhra_15-KY442063
Andhra_12-KY442063
AQT25389.1-KY471386
AQT25386.1-KY471386
SAP1_074-KX532239
SAP1_072-KX532239
APD20964.1-KY000085
APD20962.1-KY000085
APD20940.1-KY000084
APD20942.1-KY000084
GRCS_0016-KJ210330
GRCS_0014-KJ210330
BP39_15-KM366100
BP39_13-KM366100
ANH49994.1-KU992911
ANH49996.1-KU992911
Stau2_56-KP881332
Stau2_54-KP881332
AFO70704.1-JX194239
AFO70702.1-JX194239
SPbetalike_00053-KT429160
AKQ07386.1-KR908644
AKQ07384.1-KR908644
AKQ07138.1-KR902361
AKQ07140.1-KR902361
BAO09492.1-AB853331
BAO09494.1-AB853331
BAO09279.1-AB853330
BAO09277.1-AB853330
AKC02519.1-KP687432
AKC02517.1-KP687432
AKC02274.1-KP687431
AKC02272.1-KP687431
PSa3_ORF15c_CCW03259.1-HF937074
PSa3_ORF13c_CCW03257.1-HF937074
AJA42217.1-KP027447
AJA42219.1-KP027447
AJA42068.1-KP027446
AJA42070.1-KP027446
AII26954.1-KJ888149
AII26956.1-KJ888149
P108_0017-KM216423
P108_0019-KM216423
AFX93376.1-KC012913
AFX93378.1-KC012913
StauST398_1_0016-JX013863
phi_MSA6_ORF094-JX080304
phi_MSA6_ORF096-JX080304
phi_P4W_ORF096-JX080305
phi_P4W_ORF094-JX080305
phi_Fi200W_ORF096-JX080303
phi_Fi200W_ORF094-JX080303
phi_676Z_ORF096-JX080302
phi_676Z_ORF094-JX080302
phi_A3R_ORF094-JX080301
phi_A3R_ORF096-JX080301
phi_Staph_1N_ORF096-JX080300
phi_Staph_1N_ORF094-JX080300
phi_A5W_ORF096-EU418428
phi_A5W_ORF094-EU418428
SEP1_045-KF021268
SEP1_043-KF021268
BAO47152.1-AB903967
BAO47150.1-AB903967
JS01_003-KC342645
Remus_048-JX846612
Remus_046-JX846612
Romulus_046-JX846613
Romulus_048-JX846613
BAM76801.1-AP012341
BAM76800.1-AP012341
orf107_AEJ79744.1-HQ163896
orf109_AEJ79746.1-HQ163896
SA5_040-JX875065
SA5_038-JX875065
AFV50682.1-JX878671
AFV50684.1-JX878671
AFD22280.1-JN700520
AFD22274.1-JN700520
GH15_121-JQ686190
GH15_119-JQ686190
BAL42324.1-AB626963
BAL42322.1-AB626963
BAL42303.1-AB626962
BAL42301.1-AB626962
CCA65769.1-FR852584
CCA65771.1-FR852584
orf59_BAG48156.1-AB370205
ABF73284.1-DQ530362
ABF73151.1-DQ530360
ACV05002.1-GQ398772
CUR052-FJ713816
ACJ64581.1-EU861004
ACJ64644.1-EU861005
ACJ64643.1-EU861005
ACZ55495.1-GU169904
ACZ55517.1-GU169904
orf56_BAF95149.1-AB370268
BAG74420.1-AP009363
SPO1_99-FJ230960
11132_13042-SA97rd
SA97_027-KJ716334