#Tail and Baseplate HMM
PF02306
PF02413
PF03406
PF03903
PF03906
PF04630
PF04717
PF04865
PF04883
PF04984
PF04985
PF05017
PF05069
PF05100
PF05268
PF05489
PF05709
PF05939
PF06141
PF06158
PF06199
PF06222
PF06223
PF06341
PF06488
PF06528
PF06763
PF06805
PF06810
PF06820
PF06841
PF06890
PF06891
PF06894
PF06995
PF07409
PF07484
TIGR01600
TIGR01603
TIGR01611
TIGR01633
TIGR01634
TIGR01635
TIGR01644
TIGR01665
TIGR01674
TIGR01715
TIGR01725
TIGR02126
TIGR02242
PF02831
PF04687
PF05521
PF05657
PF06120
PF06714
PF06763
PF06791
PF06896
PF07484
PF07880			
PF07921
PF08400
PF08748
PF08813	
PF09008
PF09089
PF09096
PF09097
PF09393
PF09684	
PF09718
PF10076
PF10145
PF10618
PF10651
PF10653
PF10665
PF10669	
PF10758	
PF10772
PF11246
PF11836
PF11962	
PF12571
PF12604
PF12789
PF13227	
PF13550
PF13554		
PF16460
PF16461
PF16463
PF16532	
PF16724
PF16792
PF16838