2024-07-17 13:13:15,337 INFO  - MaterializeWorkflowDescriptorActor [UUID(bb66e7bc)]: Parsing workflow as WDL 1.0
2024-07-17 13:13:16,080 INFO  - MaterializeWorkflowDescriptorActor [UUID(bb66e7bc)]: Call-to-Backend assignments: annotation_analysis.run_genome_annotation -> Local
2024-07-17 13:13:18,380 INFO  - WorkflowExecutionActor-bb66e7bc-db57-4956-abbd-a43ad574b89b [UUID(bb66e7bc)]: Starting annotation_analysis.run_genome_annotation
2024-07-17 13:13:26,091 INFO  - BackgroundConfigAsyncJobExecutionActor [UUID(bb66e7bc)annotation_analysis.run_genome_annotation:NA:1]: `python3 /bin/bvbrc_login.py alapoint test
python3 /bin/bvbrc_jobs.py cga ws:/alapoint@bvbrc/home/assemblies/wdlTest1/assembly/.wdlTest1/wdlTest1_contigs.fasta /alapoint@bvbrc/home/assemblies/CGA/CGATest "TestOutputName" SCINAME 2`
2024-07-17 13:13:26,159 INFO  - BackgroundConfigAsyncJobExecutionActor [UUID(bb66e7bc)annotation_analysis.run_genome_annotation:NA:1]: executing: # make sure there is no preexisting Docker CID file
rm -f /home/alapointe/JCVI/CAMRA/cromwell-executions/annotation_analysis/bb66e7bc-db57-4956-abbd-a43ad574b89b/call-run_genome_annotation/execution/docker_cid
# run as in the original configuration without --rm flag (will remove later)
docker run \
  --cidfile /home/alapointe/JCVI/CAMRA/cromwell-executions/annotation_analysis/bb66e7bc-db57-4956-abbd-a43ad574b89b/call-run_genome_annotation/execution/docker_cid \
  -i \
   \
  --entrypoint /bin/bash \
  -v /home/alapointe/JCVI/CAMRA/cromwell-executions/annotation_analysis/bb66e7bc-db57-4956-abbd-a43ad574b89b/call-run_genome_annotation:/cromwell-executions/annotation_analysis/bb66e7bc-db57-4956-abbd-a43ad574b89b/call-run_genome_annotation:delegated \
  andrewrlapointe/bvbrc@sha256:8ae32b485120df586c065782c045d78de5698822ee67b29273a12ca9ae420bb3 /cromwell-executions/annotation_analysis/bb66e7bc-db57-4956-abbd-a43ad574b89b/call-run_genome_annotation/execution/script

# get the return code (working even if the container was detached)
rc=$(docker wait `cat /home/alapointe/JCVI/CAMRA/cromwell-executions/annotation_analysis/bb66e7bc-db57-4956-abbd-a43ad574b89b/call-run_genome_annotation/execution/docker_cid`)

# remove the container after waiting
docker rm `cat /home/alapointe/JCVI/CAMRA/cromwell-executions/annotation_analysis/bb66e7bc-db57-4956-abbd-a43ad574b89b/call-run_genome_annotation/execution/docker_cid`

# return exit code
exit $rc
2024-07-17 13:13:29,495 INFO  - BackgroundConfigAsyncJobExecutionActor [UUID(bb66e7bc)annotation_analysis.run_genome_annotation:NA:1]: job id: 63089
2024-07-17 13:13:29,502 INFO  - BackgroundConfigAsyncJobExecutionActor [UUID(bb66e7bc)annotation_analysis.run_genome_annotation:NA:1]: Status change from - to WaitingForReturnCode
2024-07-17 13:37:54,031 INFO  - WorkflowExecutionActor-bb66e7bc-db57-4956-abbd-a43ad574b89b [UUID(bb66e7bc)]: Aborting workflow
2024-07-17 13:37:54,051 INFO  - BackgroundConfigAsyncJobExecutionActor [UUID(bb66e7bc)annotation_analysis.run_genome_annotation:NA:1]: executing: docker kill `cat /home/alapointe/JCVI/CAMRA/cromwell-executions/annotation_analysis/bb66e7bc-db57-4956-abbd-a43ad574b89b/call-run_genome_annotation/execution/docker_cid`
2024-07-17 13:37:54,134 INFO  - BackgroundConfigAsyncJobExecutionActor [UUID(bb66e7bc)annotation_analysis.run_genome_annotation:NA:1]: BackgroundConfigAsyncJobExecutionActor [UUID(bb66e7bc):annotation_analysis.run_genome_annotation:NA:1] Aborted StandardAsyncJob(63089)
